# JRE version: Java(TM) SE Runtime Environment (17.0.10+11) (build 17.0.10+11-LTS-240)
# Java VM: Java HotSpot(TM) 64-Bit Server VM (17.0.10+11-LTS-240, mixed mode, sharing, tiered, compressed oops, compressed class ptrs, g1 gc, bsd-amd64)
GC Precious Log:
 CPUs: 4 total, 4 available
 Memory: 16384M
 Large Page Support: Disabled
 NUMA Support: Disabled
 Compressed Oops: Enabled (Zero based)
 Heap Region Size: 2M
 Heap Min Capacity: 8M
 Heap Initial Capacity: 256M
 Heap Max Capacity: 4G
 Pre-touch: Disabled
 Parallel Workers: 4
 Concurrent Workers: 1
 Concurrent Refinement Workers: 4
 Periodic GC: Disabled
Heap:
 garbage-first heap   total 81920K, used 55803K [0x0000000700000000, 0x0000000800000000)
  region size 2048K, 11 young (22528K), 2 survivors (4096K)
 Metaspace       used 85938K, committed 86592K, reserved 1179648K
  class space    used 11614K, committed 11968K, reserved 1048576K
GC Heap History (20 events):
Event: 198.161 GC heap before
{Heap before GC invocations=37 (full 2):
 garbage-first heap   total 81920K, used 63013K [0x0000000700000000, 0x0000000800000000)
  region size 2048K, 16 young (32768K), 2 survivors (4096K)
 Metaspace       used 78890K, committed 79552K, reserved 1179648K
  class space    used 10826K, committed 11136K, reserved 1048576K
}
Event: 198.168 GC heap after
{Heap after GC invocations=38 (full 2):
 garbage-first heap   total 81920K, used 36278K [0x0000000700000000, 0x0000000800000000)
  region size 2048K, 2 young (4096K), 2 survivors (4096K)
 Metaspace       used 78890K, committed 79552K, reserved 1179648K
  class space    used 10826K, committed 11136K, reserved 1048576K
}
Event: 199.231 GC heap before
{Heap before GC invocations=38 (full 2):
 garbage-first heap   total 81920K, used 60854K [0x0000000700000000, 0x0000000800000000)
  region size 2048K, 14 young (28672K), 2 survivors (4096K)
 Metaspace       used 79518K, committed 80192K, reserved 1179648K
  class space    used 10865K, committed 11200K, reserved 1048576K
}
Event: 199.236 GC heap after
{Heap after GC invocations=39 (full 2):
 garbage-first heap   total 81920K, used 38284K [0x0000000700000000, 0x0000000800000000)
  region size 2048K, 2 young (4096K), 2 survivors (4096K)
 Metaspace       used 79518K, committed 80192K, reserved 1179648K
  class space    used 10865K, committed 11200K, reserved 1048576K
}
Event: 199.765 GC heap before
{Heap before GC invocations=40 (full 2):
 garbage-first heap   total 81920K, used 60812K [0x0000000700000000, 0x0000000800000000)
  region size 2048K, 13 young (26624K), 2 survivors (4096K)
 Metaspace       used 79718K, committed 80384K, reserved 1179648K
  class space    used 10881K, committed 11200K, reserved 1048576K
}
Event: 199.772 GC heap after
{Heap after GC invocations=41 (full 2):
 garbage-first heap   total 81920K, used 39752K [0x0000000700000000, 0x0000000800000000)
  region size 2048K, 1 young (2048K), 1 survivors (2048K)
 Metaspace       used 79718K, committed 80384K, reserved 1179648K
  class space    used 10881K, committed 11200K, reserved 1048576K
}
Event: 199.801 GC heap before
{Heap before GC invocations=41 (full 2):
 garbage-first heap   total 81920K, used 41800K [0x0000000700000000, 0x0000000800000000)
  region size 2048K, 2 young (4096K), 1 survivors (2048K)
 Metaspace       used 79719K, committed 80384K, reserved 1179648K
  class space    used 10881K, committed 11200K, reserved 1048576K
}
Event: 199.806 GC heap after
{Heap after GC invocations=42 (full 2):
 garbage-first heap   total 81920K, used 40103K [0x0000000700000000, 0x0000000800000000)
  region size 2048K, 1 young (2048K), 1 survivors (2048K)
 Metaspace       used 79719K, committed 80384K, reserved 1179648K
  class space    used 10881K, committed 11200K, reserved 1048576K
}
Event: 203.513 GC heap before
{Heap before GC invocations=42 (full 2):
 garbage-first heap   total 81920K, used 52391K [0x0000000700000000, 0x0000000800000000)
  region size 2048K, 8 young (16384K), 1 survivors (2048K)
 Metaspace       used 79754K, committed 80448K, reserved 1179648K
  class space    used 10882K, committed 11200K, reserved 1048576K
}
Event: 203.576 GC heap after
{Heap after GC invocations=43 (full 3):
 garbage-first heap   total 81920K, used 32079K [0x0000000700000000, 0x0000000800000000)
  region size 2048K, 0 young (0K), 0 survivors (0K)
 Metaspace       used 79735K, committed 80448K, reserved 1179648K
  class space    used 10879K, committed 11200K, reserved 1048576K
}
Event: 203.926 GC heap before
{Heap before GC invocations=43 (full 3):
 garbage-first heap   total 81920K, used 62799K [0x0000000700000000, 0x0000000800000000)
  region size 2048K, 15 young (30720K), 0 survivors (0K)
 Metaspace       used 79994K, committed 80704K, reserved 1179648K
  class space    used 10902K, committed 11264K, reserved 1048576K
}
Event: 203.929 GC heap after
{Heap after GC invocations=44 (full 3):
 garbage-first heap   total 81920K, used 34739K [0x0000000700000000, 0x0000000800000000)
  region size 2048K, 2 young (4096K), 2 survivors (4096K)
 Metaspace       used 79994K, committed 80704K, reserved 1179648K
  class space    used 10902K, committed 11264K, reserved 1048576K
}
Event: 204.222 GC heap before
{Heap before GC invocations=44 (full 3):
 garbage-first heap   total 81920K, used 61363K [0x0000000700000000, 0x0000000800000000)
  region size 2048K, 15 young (30720K), 2 survivors (4096K)
 Metaspace       used 80146K, committed 80832K, reserved 1179648K
  class space    used 10912K, committed 11264K, reserved 1048576K
}
Event: 204.227 GC heap after
{Heap after GC invocations=45 (full 3):
 garbage-first heap   total 81920K, used 36584K [0x0000000700000000, 0x0000000800000000)
  region size 2048K, 1 young (2048K), 1 survivors (2048K)
 Metaspace       used 80146K, committed 80832K, reserved 1179648K
  class space    used 10912K, committed 11264K, reserved 1048576K
}
Event: 205.268 GC heap before
{Heap before GC invocations=45 (full 3):
 garbage-first heap   total 81920K, used 63208K [0x0000000700000000, 0x0000000800000000)
  region size 2048K, 14 young (28672K), 1 survivors (2048K)
 Metaspace       used 80733K, committed 81408K, reserved 1179648K
  class space    used 10939K, committed 11264K, reserved 1048576K
}
Event: 205.272 GC heap after
{Heap after GC invocations=46 (full 3):
 garbage-first heap   total 81920K, used 38827K [0x0000000700000000, 0x0000000800000000)
  region size 2048K, 2 young (4096K), 2 survivors (4096K)
 Metaspace       used 80733K, committed 81408K, reserved 1179648K
  class space    used 10939K, committed 11264K, reserved 1048576K
}
Event: 206.124 GC heap before
{Heap before GC invocations=46 (full 3):
 garbage-first heap   total 81920K, used 63403K [0x0000000700000000, 0x0000000800000000)
  region size 2048K, 14 young (28672K), 2 survivors (4096K)
 Metaspace       used 80941K, committed 81664K, reserved 1179648K
  class space    used 10956K, committed 11328K, reserved 1048576K
}
Event: 206.130 GC heap after
{Heap after GC invocations=47 (full 3):
 garbage-first heap   total 81920K, used 40652K [0x0000000700000000, 0x0000000800000000)
  region size 2048K, 1 young (2048K), 1 survivors (2048K)
 Metaspace       used 80941K, committed 81664K, reserved 1179648K
  class space    used 10956K, committed 11328K, reserved 1048576K
}
Event: 359.758 GC heap before
{Heap before GC invocations=47 (full 3):
 garbage-first heap   total 81920K, used 63180K [0x0000000700000000, 0x0000000800000000)
  region size 2048K, 12 young (24576K), 1 survivors (2048K)
 Metaspace       used 82956K, committed 83648K, reserved 1179648K
  class space    used 11215K, committed 11520K, reserved 1048576K
}
Event: 359.763 GC heap after
{Heap after GC invocations=48 (full 3):
 garbage-first heap   total 81920K, used 41467K [0x0000000700000000, 0x0000000800000000)
  region size 2048K, 2 young (4096K), 2 survivors (4096K)
 Metaspace       used 82956K, committed 83648K, reserved 1179648K
  class space    used 11215K, committed 11520K, reserved 1048576K
}

