# JRE version: Java(TM) SE Runtime Environment (17.0.10+11) (build 17.0.10+11-LTS-240)
# Java VM: Java HotSpot(TM) 64-Bit Server VM (17.0.10+11-LTS-240, mixed mode, sharing, tiered, compressed oops, compressed class ptrs, g1 gc, bsd-amd64)
GC Precious Log:
 CPUs: 4 total, 4 available
 Memory: 16384M
 Large Page Support: Disabled
 NUMA Support: Disabled
 Compressed Oops: Enabled (Zero based)
 Heap Region Size: 2M
 Heap Min Capacity: 8M
 Heap Initial Capacity: 256M
 Heap Max Capacity: 4G
 Pre-touch: Disabled
 Parallel Workers: 4
 Concurrent Workers: 1
 Concurrent Refinement Workers: 4
 Periodic GC: Disabled
Heap:
 garbage-first heap   total 83968K, used 51435K [0x0000000700000000, 0x0000000800000000)
  region size 2048K, 8 young (16384K), 2 survivors (4096K)
 Metaspace       used 86151K, committed 86784K, reserved 1179648K
  class space    used 11701K, committed 12032K, reserved 1048576K
GC Heap History (20 events):
Event: 1275.063 GC heap before
{Heap before GC invocations=25 (full 1):
 garbage-first heap   total 83968K, used 63065K [0x0000000700000000, 0x0000000800000000)
  region size 2048K, 15 young (30720K), 2 survivors (4096K)
 Metaspace       used 83660K, committed 84288K, reserved 1179648K
  class space    used 11559K, committed 11840K, reserved 1048576K
}
Event: 1275.071 GC heap after
{Heap after GC invocations=26 (full 1):
 garbage-first heap   total 83968K, used 38435K [0x0000000700000000, 0x0000000800000000)
  region size 2048K, 2 young (4096K), 2 survivors (4096K)
 Metaspace       used 83660K, committed 84288K, reserved 1179648K
  class space    used 11559K, committed 11840K, reserved 1048576K
}
Event: 1275.811 GC heap before
{Heap before GC invocations=26 (full 1):
 garbage-first heap   total 83968K, used 60963K [0x0000000700000000, 0x0000000800000000)
  region size 2048K, 13 young (26624K), 2 survivors (4096K)
 Metaspace       used 84198K, committed 84864K, reserved 1179648K
  class space    used 11582K, committed 11904K, reserved 1048576K
}
Event: 1275.815 GC heap after
{Heap after GC invocations=27 (full 1):
 garbage-first heap   total 83968K, used 39965K [0x0000000700000000, 0x0000000800000000)
  region size 2048K, 2 young (4096K), 2 survivors (4096K)
 Metaspace       used 84198K, committed 84864K, reserved 1179648K
  class space    used 11582K, committed 11904K, reserved 1048576K
}
Event: 1276.467 GC heap before
{Heap before GC invocations=28 (full 1):
 garbage-first heap   total 83968K, used 62493K [0x0000000700000000, 0x0000000800000000)
  region size 2048K, 13 young (26624K), 2 survivors (4096K)
 Metaspace       used 84619K, committed 85248K, reserved 1179648K
  class space    used 11609K, committed 11904K, reserved 1048576K
}
Event: 1276.479 GC heap after
{Heap after GC invocations=29 (full 1):
 garbage-first heap   total 83968K, used 41437K [0x0000000700000000, 0x0000000800000000)
  region size 2048K, 2 young (4096K), 2 survivors (4096K)
 Metaspace       used 84619K, committed 85248K, reserved 1179648K
  class space    used 11609K, committed 11904K, reserved 1048576K
}
Event: 1276.600 GC heap before
{Heap before GC invocations=29 (full 1):
 garbage-first heap   total 83968K, used 43485K [0x0000000700000000, 0x0000000800000000)
  region size 2048K, 3 young (6144K), 2 survivors (4096K)
 Metaspace       used 84627K, committed 85248K, reserved 1179648K
  class space    used 11609K, committed 11904K, reserved 1048576K
}
Event: 1276.615 GC heap after
{Heap after GC invocations=30 (full 1):
 garbage-first heap   total 83968K, used 41930K [0x0000000700000000, 0x0000000800000000)
  region size 2048K, 1 young (2048K), 1 survivors (2048K)
 Metaspace       used 84627K, committed 85248K, reserved 1179648K
  class space    used 11609K, committed 11904K, reserved 1048576K
}
Event: 1300.912 GC heap before
{Heap before GC invocations=30 (full 1):
 garbage-first heap   total 83968K, used 58314K [0x0000000700000000, 0x0000000800000000)
  region size 2048K, 10 young (20480K), 1 survivors (2048K)
 Metaspace       used 84706K, committed 85312K, reserved 1179648K
  class space    used 11612K, committed 11904K, reserved 1048576K
}
Event: 1301.017 GC heap after
{Heap after GC invocations=31 (full 2):
 garbage-first heap   total 83968K, used 32359K [0x0000000700000000, 0x0000000800000000)
  region size 2048K, 0 young (0K), 0 survivors (0K)
 Metaspace       used 84687K, committed 85312K, reserved 1179648K
  class space    used 11608K, committed 11904K, reserved 1048576K
}
Event: 1301.417 GC heap before
{Heap before GC invocations=31 (full 2):
 garbage-first heap   total 83968K, used 58983K [0x0000000700000000, 0x0000000800000000)
  region size 2048K, 13 young (26624K), 0 survivors (0K)
 Metaspace       used 84919K, committed 85632K, reserved 1179648K
  class space    used 11629K, committed 11968K, reserved 1048576K
}
Event: 1301.421 GC heap after
{Heap after GC invocations=32 (full 2):
 garbage-first heap   total 83968K, used 34834K [0x0000000700000000, 0x0000000800000000)
  region size 2048K, 2 young (4096K), 2 survivors (4096K)
 Metaspace       used 84919K, committed 85632K, reserved 1179648K
  class space    used 11629K, committed 11968K, reserved 1048576K
}
Event: 1302.169 GC heap before
{Heap before GC invocations=32 (full 2):
 garbage-first heap   total 83968K, used 59410K [0x0000000700000000, 0x0000000800000000)
  region size 2048K, 14 young (28672K), 2 survivors (4096K)
 Metaspace       used 85030K, committed 85696K, reserved 1179648K
  class space    used 11635K, committed 11968K, reserved 1048576K
}
Event: 1302.176 GC heap after
{Heap after GC invocations=33 (full 2):
 garbage-first heap   total 83968K, used 36466K [0x0000000700000000, 0x0000000800000000)
  region size 2048K, 1 young (2048K), 1 survivors (2048K)
 Metaspace       used 85030K, committed 85696K, reserved 1179648K
  class space    used 11635K, committed 11968K, reserved 1048576K
}
Event: 1303.104 GC heap before
{Heap before GC invocations=33 (full 2):
 garbage-first heap   total 83968K, used 58994K [0x0000000700000000, 0x0000000800000000)
  region size 2048K, 12 young (24576K), 1 survivors (2048K)
 Metaspace       used 85491K, committed 86144K, reserved 1179648K
  class space    used 11659K, committed 11968K, reserved 1048576K
}
Event: 1303.109 GC heap after
{Heap after GC invocations=34 (full 2):
 garbage-first heap   total 83968K, used 38035K [0x0000000700000000, 0x0000000800000000)
  region size 2048K, 2 young (4096K), 2 survivors (4096K)
 Metaspace       used 85491K, committed 86144K, reserved 1179648K
  class space    used 11659K, committed 11968K, reserved 1048576K
}
Event: 1303.718 GC heap before
{Heap before GC invocations=34 (full 2):
 garbage-first heap   total 83968K, used 58515K [0x0000000700000000, 0x0000000800000000)
  region size 2048K, 12 young (24576K), 2 survivors (4096K)
 Metaspace       used 86032K, committed 86720K, reserved 1179648K
  class space    used 11699K, committed 12032K, reserved 1048576K
}
Event: 1303.727 GC heap after
{Heap after GC invocations=35 (full 2):
 garbage-first heap   total 83968K, used 39833K [0x0000000700000000, 0x0000000800000000)
  region size 2048K, 2 young (4096K), 2 survivors (4096K)
 Metaspace       used 86032K, committed 86720K, reserved 1179648K
  class space    used 11699K, committed 12032K, reserved 1048576K
}
Event: 1304.547 GC heap before
{Heap before GC invocations=35 (full 2):
 garbage-first heap   total 83968K, used 60313K [0x0000000700000000, 0x0000000800000000)
  region size 2048K, 12 young (24576K), 2 survivors (4096K)
 Metaspace       used 86064K, committed 86720K, reserved 1179648K
  class space    used 11701K, committed 12032K, reserved 1048576K
}
Event: 1304.553 GC heap after
{Heap after GC invocations=36 (full 2):
 garbage-first heap   total 83968K, used 41195K [0x0000000700000000, 0x0000000800000000)
  region size 2048K, 2 young (4096K), 2 survivors (4096K)
 Metaspace       used 86064K, committed 86720K, reserved 1179648K
  class space    used 11701K, committed 12032K, reserved 1048576K
}

