# JRE version: Java(TM) SE Runtime Environment (17.0.10+11) (build 17.0.10+11-LTS-240)
# Java VM: Java HotSpot(TM) 64-Bit Server VM (17.0.10+11-LTS-240, mixed mode, sharing, tiered, compressed oops, compressed class ptrs, g1 gc, bsd-amd64)
GC Precious Log:
 CPUs: 4 total, 4 available
 Memory: 16384M
 Large Page Support: Disabled
 NUMA Support: Disabled
 Compressed Oops: Enabled (Zero based)
 Heap Region Size: 2M
 Heap Min Capacity: 8M
 Heap Initial Capacity: 256M
 Heap Max Capacity: 4G
 Pre-touch: Disabled
 Parallel Workers: 4
 Concurrent Workers: 1
 Concurrent Refinement Workers: 4
 Periodic GC: Disabled
Heap:
 garbage-first heap   total 90112K, used 41469K [0x0000000700000000, 0x0000000800000000)
  region size 2048K, 6 young (12288K), 2 survivors (4096K)
 Metaspace       used 81063K, committed 81600K, reserved 1179648K
  class space    used 11272K, committed 11520K, reserved 1048576K
GC Heap History (20 events):
Event: 5.556 GC heap before
{Heap before GC invocations=8 (full 0):
 garbage-first heap   total 69632K, used 36365K [0x0000000700000000, 0x0000000800000000)
  region size 2048K, 12 young (24576K), 2 survivors (4096K)
 Metaspace       used 35532K, committed 35968K, reserved 1114112K
  class space    used 4651K, committed 4864K, reserved 1048576K
}
Event: 5.560 GC heap after
{Heap after GC invocations=9 (full 0):
 garbage-first heap   total 69632K, used 21165K [0x0000000700000000, 0x0000000800000000)
  region size 2048K, 2 young (4096K), 2 survivors (4096K)
 Metaspace       used 35532K, committed 35968K, reserved 1114112K
  class space    used 4651K, committed 4864K, reserved 1048576K
}
Event: 6.798 GC heap before
{Heap before GC invocations=10 (full 0):
 garbage-first heap   total 69632K, used 49837K [0x0000000700000000, 0x0000000800000000)
  region size 2048K, 16 young (32768K), 2 survivors (4096K)
 Metaspace       used 46672K, committed 47168K, reserved 1114112K
  class space    used 6150K, committed 6400K, reserved 1048576K
}
Event: 6.805 GC heap after
{Heap after GC invocations=11 (full 0):
 garbage-first heap   total 69632K, used 23875K [0x0000000700000000, 0x0000000800000000)
  region size 2048K, 2 young (4096K), 2 survivors (4096K)
 Metaspace       used 46672K, committed 47168K, reserved 1114112K
  class space    used 6150K, committed 6400K, reserved 1048576K
}
Event: 7.447 GC heap before
{Heap before GC invocations=11 (full 0):
 garbage-first heap   total 69632K, used 50499K [0x0000000700000000, 0x0000000800000000)
  region size 2048K, 15 young (30720K), 2 survivors (4096K)
 Metaspace       used 52125K, committed 52672K, reserved 1114112K
  class space    used 6839K, committed 7104K, reserved 1048576K
}
Event: 7.455 GC heap after
{Heap after GC invocations=12 (full 0):
 garbage-first heap   total 69632K, used 25411K [0x0000000700000000, 0x0000000800000000)
  region size 2048K, 1 young (2048K), 1 survivors (2048K)
 Metaspace       used 52125K, committed 52672K, reserved 1114112K
  class space    used 6839K, committed 7104K, reserved 1048576K
}
Event: 8.286 GC heap before
{Heap before GC invocations=12 (full 0):
 garbage-first heap   total 69632K, used 49987K [0x0000000700000000, 0x0000000800000000)
  region size 2048K, 13 young (26624K), 1 survivors (2048K)
 Metaspace       used 58353K, committed 58816K, reserved 1114112K
  class space    used 7883K, committed 8128K, reserved 1048576K
}
Event: 8.289 GC heap after
{Heap after GC invocations=13 (full 0):
 garbage-first heap   total 90112K, used 26385K [0x0000000700000000, 0x0000000800000000)
  region size 2048K, 2 young (4096K), 2 survivors (4096K)
 Metaspace       used 58353K, committed 58816K, reserved 1114112K
  class space    used 7883K, committed 8128K, reserved 1048576K
}
Event: 8.452 GC heap before
{Heap before GC invocations=13 (full 0):
 garbage-first heap   total 90112K, used 32529K [0x0000000700000000, 0x0000000800000000)
  region size 2048K, 6 young (12288K), 2 survivors (4096K)
 Metaspace       used 59823K, committed 60288K, reserved 1114112K
  class space    used 8080K, committed 8320K, reserved 1048576K
}
Event: 8.455 GC heap after
{Heap after GC invocations=14 (full 0):
 garbage-first heap   total 90112K, used 26469K [0x0000000700000000, 0x0000000800000000)
  region size 2048K, 2 young (4096K), 2 survivors (4096K)
 Metaspace       used 59823K, committed 60288K, reserved 1114112K
  class space    used 8080K, committed 8320K, reserved 1048576K
}
Event: 9.928 GC heap before
{Heap before GC invocations=15 (full 0):
 garbage-first heap   total 90112K, used 67429K [0x0000000700000000, 0x0000000800000000)
  region size 2048K, 22 young (45056K), 2 survivors (4096K)
 Metaspace       used 66749K, committed 67264K, reserved 1114112K
  class space    used 9154K, committed 9408K, reserved 1048576K
}
Event: 9.937 GC heap after
{Heap after GC invocations=16 (full 0):
 garbage-first heap   total 90112K, used 30016K [0x0000000700000000, 0x0000000800000000)
  region size 2048K, 3 young (6144K), 3 survivors (6144K)
 Metaspace       used 66749K, committed 67264K, reserved 1114112K
  class space    used 9154K, committed 9408K, reserved 1048576K
}
Event: 9.987 GC heap before
{Heap before GC invocations=16 (full 0):
 garbage-first heap   total 90112K, used 32064K [0x0000000700000000, 0x0000000800000000)
  region size 2048K, 4 young (8192K), 3 survivors (6144K)
 Metaspace       used 67274K, committed 67840K, reserved 1114112K
  class space    used 9207K, committed 9472K, reserved 1048576K
}
Event: 9.997 GC heap after
{Heap after GC invocations=17 (full 0):
 garbage-first heap   total 90112K, used 29993K [0x0000000700000000, 0x0000000800000000)
  region size 2048K, 1 young (2048K), 1 survivors (2048K)
 Metaspace       used 67274K, committed 67840K, reserved 1114112K
  class space    used 9207K, committed 9472K, reserved 1048576K
}
Event: 10.620 GC heap before
{Heap before GC invocations=17 (full 0):
 garbage-first heap   total 90112K, used 66857K [0x0000000700000000, 0x0000000800000000)
  region size 2048K, 19 young (38912K), 1 survivors (2048K)
 Metaspace       used 71428K, committed 71936K, reserved 1114112K
  class space    used 9918K, committed 10176K, reserved 1048576K
}
Event: 10.625 GC heap after
{Heap after GC invocations=18 (full 0):
 garbage-first heap   total 90112K, used 31901K [0x0000000700000000, 0x0000000800000000)
  region size 2048K, 2 young (4096K), 2 survivors (4096K)
 Metaspace       used 71428K, committed 71936K, reserved 1114112K
  class space    used 9918K, committed 10176K, reserved 1048576K
}
Event: 11.354 GC heap before
{Heap before GC invocations=18 (full 0):
 garbage-first heap   total 90112K, used 66717K [0x0000000700000000, 0x0000000800000000)
  region size 2048K, 19 young (38912K), 2 survivors (4096K)
 Metaspace       used 74904K, committed 75520K, reserved 1114112K
  class space    used 10421K, committed 10688K, reserved 1048576K
}
Event: 11.362 GC heap after
{Heap after GC invocations=19 (full 0):
 garbage-first heap   total 90112K, used 35183K [0x0000000700000000, 0x0000000800000000)
  region size 2048K, 3 young (6144K), 3 survivors (6144K)
 Metaspace       used 74904K, committed 75520K, reserved 1114112K
  class space    used 10421K, committed 10688K, reserved 1048576K
}
Event: 108.240 GC heap before
{Heap before GC invocations=19 (full 0):
 garbage-first heap   total 90112K, used 67951K [0x0000000700000000, 0x0000000800000000)
  region size 2048K, 19 young (38912K), 3 survivors (6144K)
 Metaspace       used 79328K, committed 79936K, reserved 1179648K
  class space    used 11035K, committed 11328K, reserved 1048576K
}
Event: 108.248 GC heap after
{Heap after GC invocations=20 (full 0):
 garbage-first heap   total 90112K, used 37373K [0x0000000700000000, 0x0000000800000000)
  region size 2048K, 2 young (4096K), 2 survivors (4096K)
 Metaspace       used 79328K, committed 79936K, reserved 1179648K
  class space    used 11035K, committed 11328K, reserved 1048576K
}

