# JRE version: Java(TM) SE Runtime Environment (17.0.10+11) (build 17.0.10+11-LTS-240)
# Java VM: Java HotSpot(TM) 64-Bit Server VM (17.0.10+11-LTS-240, mixed mode, sharing, tiered, compressed oops, compressed class ptrs, g1 gc, bsd-amd64)
GC Precious Log:
 CPUs: 4 total, 4 available
 Memory: 16384M
 Large Page Support: Disabled
 NUMA Support: Disabled
 Compressed Oops: Enabled (Zero based)
 Heap Region Size: 2M
 Heap Min Capacity: 8M
 Heap Initial Capacity: 256M
 Heap Max Capacity: 4G
 Pre-touch: Disabled
 Parallel Workers: 4
 Concurrent Workers: 1
 Concurrent Refinement Workers: 4
 Periodic GC: Disabled
Heap:
 garbage-first heap   total 116736K, used 60494K [0x0000000700000000, 0x0000000800000000)
  region size 2048K, 17 young (34816K), 3 survivors (6144K)
 Metaspace       used 80849K, committed 81408K, reserved 1179648K
  class space    used 11277K, committed 11520K, reserved 1048576K
GC Heap History (20 events):
Event: 3.999 GC heap before
{Heap before GC invocations=6 (full 0):
 garbage-first heap   total 69632K, used 20022K [0x0000000700000000, 0x0000000800000000)
  region size 2048K, 3 young (6144K), 2 survivors (4096K)
 Metaspace       used 27749K, committed 28096K, reserved 1114112K
  class space    used 3564K, committed 3712K, reserved 1048576K
}
Event: 4.016 GC heap after
{Heap after GC invocations=7 (full 0):
 garbage-first heap   total 69632K, used 18391K [0x0000000700000000, 0x0000000800000000)
  region size 2048K, 1 young (2048K), 1 survivors (2048K)
 Metaspace       used 27749K, committed 28096K, reserved 1114112K
  class space    used 3564K, committed 3712K, reserved 1048576K
}
Event: 4.555 GC heap before
{Heap before GC invocations=7 (full 0):
 garbage-first heap   total 69632K, used 45015K [0x0000000700000000, 0x0000000800000000)
  region size 2048K, 14 young (28672K), 1 survivors (2048K)
 Metaspace       used 31617K, committed 32064K, reserved 1114112K
  class space    used 4065K, committed 4288K, reserved 1048576K
}
Event: 4.564 GC heap after
{Heap after GC invocations=8 (full 0):
 garbage-first heap   total 69632K, used 19789K [0x0000000700000000, 0x0000000800000000)
  region size 2048K, 2 young (4096K), 2 survivors (4096K)
 Metaspace       used 31617K, committed 32064K, reserved 1114112K
  class space    used 4065K, committed 4288K, reserved 1048576K
}
Event: 5.197 GC heap before
{Heap before GC invocations=8 (full 0):
 garbage-first heap   total 69632K, used 38221K [0x0000000700000000, 0x0000000800000000)
  region size 2048K, 12 young (24576K), 2 survivors (4096K)
 Metaspace       used 35720K, committed 36096K, reserved 1114112K
  class space    used 4673K, committed 4864K, reserved 1048576K
}
Event: 5.201 GC heap after
{Heap after GC invocations=9 (full 0):
 garbage-first heap   total 69632K, used 20960K [0x0000000700000000, 0x0000000800000000)
  region size 2048K, 2 young (4096K), 2 survivors (4096K)
 Metaspace       used 35720K, committed 36096K, reserved 1114112K
  class space    used 4673K, committed 4864K, reserved 1048576K
}
Event: 5.966 GC heap before
{Heap before GC invocations=10 (full 0):
 garbage-first heap   total 69632K, used 49632K [0x0000000700000000, 0x0000000800000000)
  region size 2048K, 16 young (32768K), 2 survivors (4096K)
 Metaspace       used 47082K, committed 47616K, reserved 1114112K
  class space    used 6202K, committed 6464K, reserved 1048576K
}
Event: 5.972 GC heap after
{Heap after GC invocations=11 (full 0):
 garbage-first heap   total 69632K, used 23712K [0x0000000700000000, 0x0000000800000000)
  region size 2048K, 2 young (4096K), 2 survivors (4096K)
 Metaspace       used 47082K, committed 47616K, reserved 1114112K
  class space    used 6202K, committed 6464K, reserved 1048576K
}
Event: 6.014 GC heap before
{Heap before GC invocations=11 (full 0):
 garbage-first heap   total 69632K, used 25760K [0x0000000700000000, 0x0000000800000000)
  region size 2048K, 3 young (6144K), 2 survivors (4096K)
 Metaspace       used 47362K, committed 47872K, reserved 1114112K
  class space    used 6258K, committed 6528K, reserved 1048576K
}
Event: 6.022 GC heap after
{Heap after GC invocations=12 (full 0):
 garbage-first heap   total 69632K, used 23773K [0x0000000700000000, 0x0000000800000000)
  region size 2048K, 1 young (2048K), 1 survivors (2048K)
 Metaspace       used 47362K, committed 47872K, reserved 1114112K
  class space    used 6258K, committed 6528K, reserved 1048576K
}
Event: 6.893 GC heap before
{Heap before GC invocations=12 (full 0):
 garbage-first heap   total 69632K, used 48349K [0x0000000700000000, 0x0000000800000000)
  region size 2048K, 13 young (26624K), 1 survivors (2048K)
 Metaspace       used 52494K, committed 52992K, reserved 1114112K
  class space    used 6891K, committed 7104K, reserved 1048576K
}
Event: 6.896 GC heap after
{Heap after GC invocations=13 (full 0):
 garbage-first heap   total 139264K, used 24744K [0x0000000700000000, 0x0000000800000000)
  region size 2048K, 1 young (2048K), 1 survivors (2048K)
 Metaspace       used 52494K, committed 52992K, reserved 1114112K
  class space    used 6891K, committed 7104K, reserved 1048576K
}
Event: 7.897 GC heap before
{Heap before GC invocations=13 (full 0):
 garbage-first heap   total 139264K, used 55464K [0x0000000700000000, 0x0000000800000000)
  region size 2048K, 17 young (34816K), 1 survivors (2048K)
 Metaspace       used 60228K, committed 60736K, reserved 1114112K
  class space    used 8143K, committed 8384K, reserved 1048576K
}
Event: 7.902 GC heap after
{Heap after GC invocations=14 (full 0):
 garbage-first heap   total 139264K, used 25889K [0x0000000700000000, 0x0000000800000000)
  region size 2048K, 2 young (4096K), 2 survivors (4096K)
 Metaspace       used 60228K, committed 60736K, reserved 1114112K
  class space    used 8143K, committed 8384K, reserved 1048576K
}
Event: 9.050 GC heap before
{Heap before GC invocations=15 (full 0):
 garbage-first heap   total 116736K, used 91425K [0x0000000700000000, 0x0000000800000000)
  region size 2048K, 34 young (69632K), 2 survivors (4096K)
 Metaspace       used 70460K, committed 70976K, reserved 1114112K
  class space    used 9805K, committed 10048K, reserved 1048576K
}
Event: 9.058 GC heap after
{Heap after GC invocations=16 (full 0):
 garbage-first heap   total 116736K, used 31093K [0x0000000700000000, 0x0000000800000000)
  region size 2048K, 4 young (8192K), 4 survivors (8192K)
 Metaspace       used 70460K, committed 70976K, reserved 1114112K
  class space    used 9805K, committed 10048K, reserved 1048576K
}
Event: 9.079 GC heap before
{Heap before GC invocations=16 (full 0):
 garbage-first heap   total 116736K, used 33141K [0x0000000700000000, 0x0000000800000000)
  region size 2048K, 5 young (10240K), 4 survivors (8192K)
 Metaspace       used 70507K, committed 71040K, reserved 1114112K
  class space    used 9810K, committed 10048K, reserved 1048576K
}
Event: 9.090 GC heap after
{Heap after GC invocations=17 (full 0):
 garbage-first heap   total 116736K, used 31923K [0x0000000700000000, 0x0000000800000000)
  region size 2048K, 1 young (2048K), 1 survivors (2048K)
 Metaspace       used 70507K, committed 71040K, reserved 1114112K
  class space    used 9810K, committed 10048K, reserved 1048576K
}
Event: 10.036 GC heap before
{Heap before GC invocations=17 (full 0):
 garbage-first heap   total 116736K, used 89267K [0x0000000700000000, 0x0000000800000000)
  region size 2048K, 29 young (59392K), 1 survivors (2048K)
 Metaspace       used 75749K, committed 76288K, reserved 1179648K
  class space    used 10566K, committed 10816K, reserved 1048576K
}
Event: 10.044 GC heap after
{Heap after GC invocations=18 (full 0):
 garbage-first heap   total 116736K, used 35918K [0x0000000700000000, 0x0000000800000000)
  region size 2048K, 3 young (6144K), 3 survivors (6144K)
 Metaspace       used 75749K, committed 76288K, reserved 1179648K
  class space    used 10566K, committed 10816K, reserved 1048576K
}

