# JRE version: Java(TM) SE Runtime Environment (17.0.10+11) (build 17.0.10+11-LTS-240)
# Java VM: Java HotSpot(TM) 64-Bit Server VM (17.0.10+11-LTS-240, mixed mode, sharing, tiered, compressed oops, compressed class ptrs, g1 gc, bsd-amd64)
GC Precious Log:
 CPUs: 4 total, 4 available
 Memory: 16384M
 Large Page Support: Disabled
 NUMA Support: Disabled
 Compressed Oops: Enabled (Zero based)
 Heap Region Size: 2M
 Heap Min Capacity: 8M
 Heap Initial Capacity: 256M
 Heap Max Capacity: 4G
 Pre-touch: Disabled
 Parallel Workers: 4
 Concurrent Workers: 1
 Concurrent Refinement Workers: 4
 Periodic GC: Disabled
Heap:
 garbage-first heap   total 114688K, used 54608K [0x0000000700000000, 0x0000000800000000)
  region size 2048K, 14 young (28672K), 4 survivors (8192K)
 Metaspace       used 82104K, committed 82688K, reserved 1179648K
  class space    used 11385K, committed 11648K, reserved 1048576K
GC Heap History (20 events):
Event: 3.340 GC heap before
{Heap before GC invocations=5 (full 0):
 garbage-first heap   total 69632K, used 47659K [0x0000000700000000, 0x0000000800000000)
  region size 2048K, 20 young (40960K), 4 survivors (8192K)
 Metaspace       used 27544K, committed 27968K, reserved 1114112K
  class space    used 3530K, committed 3712K, reserved 1048576K
}
Event: 3.389 GC heap after
{Heap after GC invocations=6 (full 0):
 garbage-first heap   total 69632K, used 17692K [0x0000000700000000, 0x0000000800000000)
  region size 2048K, 2 young (4096K), 2 survivors (4096K)
 Metaspace       used 27544K, committed 27968K, reserved 1114112K
  class space    used 3530K, committed 3712K, reserved 1048576K
}
Event: 3.471 GC heap before
{Heap before GC invocations=6 (full 0):
 garbage-first heap   total 69632K, used 19740K [0x0000000700000000, 0x0000000800000000)
  region size 2048K, 3 young (6144K), 2 survivors (4096K)
 Metaspace       used 27759K, committed 28160K, reserved 1114112K
  class space    used 3565K, committed 3712K, reserved 1048576K
}
Event: 3.480 GC heap after
{Heap after GC invocations=7 (full 0):
 garbage-first heap   total 83968K, used 18448K [0x0000000700000000, 0x0000000800000000)
  region size 2048K, 1 young (2048K), 1 survivors (2048K)
 Metaspace       used 27759K, committed 28160K, reserved 1114112K
  class space    used 3565K, committed 3712K, reserved 1048576K
}
Event: 4.370 GC heap before
{Heap before GC invocations=7 (full 0):
 garbage-first heap   total 83968K, used 55312K [0x0000000700000000, 0x0000000800000000)
  region size 2048K, 19 young (38912K), 1 survivors (2048K)
 Metaspace       used 33538K, committed 33984K, reserved 1114112K
  class space    used 4315K, committed 4480K, reserved 1048576K
}
Event: 4.374 GC heap after
{Heap after GC invocations=8 (full 0):
 garbage-first heap   total 83968K, used 20305K [0x0000000700000000, 0x0000000800000000)
  region size 2048K, 2 young (4096K), 2 survivors (4096K)
 Metaspace       used 33538K, committed 33984K, reserved 1114112K
  class space    used 4315K, committed 4480K, reserved 1048576K
}
Event: 4.553 GC heap before
{Heap before GC invocations=8 (full 0):
 garbage-first heap   total 83968K, used 28497K [0x0000000700000000, 0x0000000800000000)
  region size 2048K, 7 young (14336K), 2 survivors (4096K)
 Metaspace       used 35671K, committed 36096K, reserved 1114112K
  class space    used 4660K, committed 4864K, reserved 1048576K
}
Event: 4.556 GC heap after
{Heap after GC invocations=9 (full 0):
 garbage-first heap   total 83968K, used 20867K [0x0000000700000000, 0x0000000800000000)
  region size 2048K, 2 young (4096K), 2 survivors (4096K)
 Metaspace       used 35671K, committed 36096K, reserved 1114112K
  class space    used 4660K, committed 4864K, reserved 1048576K
}
Event: 5.526 GC heap before
{Heap before GC invocations=10 (full 0):
 garbage-first heap   total 83968K, used 57731K [0x0000000700000000, 0x0000000800000000)
  region size 2048K, 21 young (43008K), 2 survivors (4096K)
 Metaspace       used 49177K, committed 49600K, reserved 1114112K
  class space    used 6497K, committed 6656K, reserved 1048576K
}
Event: 5.534 GC heap after
{Heap after GC invocations=11 (full 0):
 garbage-first heap   total 83968K, used 23778K [0x0000000700000000, 0x0000000800000000)
  region size 2048K, 3 young (6144K), 3 survivors (6144K)
 Metaspace       used 49177K, committed 49600K, reserved 1114112K
  class space    used 6497K, committed 6656K, reserved 1048576K
}
Event: 6.214 GC heap before
{Heap before GC invocations=12 (full 0):
 garbage-first heap   total 83968K, used 60642K [0x0000000700000000, 0x0000000800000000)
  region size 2048K, 21 young (43008K), 3 survivors (6144K)
 Metaspace       used 58296K, committed 58816K, reserved 1114112K
  class space    used 7889K, committed 8128K, reserved 1048576K
}
Event: 6.226 GC heap after
{Heap after GC invocations=13 (full 0):
 garbage-first heap   total 83968K, used 26045K [0x0000000700000000, 0x0000000800000000)
  region size 2048K, 3 young (6144K), 3 survivors (6144K)
 Metaspace       used 58296K, committed 58816K, reserved 1114112K
  class space    used 7889K, committed 8128K, reserved 1048576K
}
Event: 6.852 GC heap before
{Heap before GC invocations=13 (full 0):
 garbage-first heap   total 83968K, used 60861K [0x0000000700000000, 0x0000000800000000)
  region size 2048K, 20 young (40960K), 3 survivors (6144K)
 Metaspace       used 64614K, committed 65216K, reserved 1114112K
  class space    used 8719K, committed 9024K, reserved 1048576K
}
Event: 6.860 GC heap after
{Heap after GC invocations=14 (full 0):
 garbage-first heap   total 83968K, used 28467K [0x0000000700000000, 0x0000000800000000)
  region size 2048K, 3 young (6144K), 3 survivors (6144K)
 Metaspace       used 64614K, committed 65216K, reserved 1114112K
  class space    used 8719K, committed 9024K, reserved 1048576K
}
Event: 7.272 GC heap before
{Heap before GC invocations=14 (full 0):
 garbage-first heap   total 83968K, used 59187K [0x0000000700000000, 0x0000000800000000)
  region size 2048K, 19 young (38912K), 3 survivors (6144K)
 Metaspace       used 68996K, committed 69504K, reserved 1114112K
  class space    used 9546K, committed 9792K, reserved 1048576K
}
Event: 7.279 GC heap after
{Heap after GC invocations=15 (full 0):
 garbage-first heap   total 83968K, used 31733K [0x0000000700000000, 0x0000000800000000)
  region size 2048K, 3 young (6144K), 3 survivors (6144K)
 Metaspace       used 68996K, committed 69504K, reserved 1114112K
  class space    used 9546K, committed 9792K, reserved 1048576K
}
Event: 7.725 GC heap before
{Heap before GC invocations=15 (full 0):
 garbage-first heap   total 83968K, used 62453K [0x0000000700000000, 0x0000000800000000)
  region size 2048K, 18 young (36864K), 3 survivors (6144K)
 Metaspace       used 72896K, committed 73472K, reserved 1114112K
  class space    used 10101K, committed 10368K, reserved 1048576K
}
Event: 7.735 GC heap after
{Heap after GC invocations=16 (full 0):
 garbage-first heap   total 114688K, used 33893K [0x0000000700000000, 0x0000000800000000)
  region size 2048K, 3 young (6144K), 3 survivors (6144K)
 Metaspace       used 72896K, committed 73472K, reserved 1114112K
  class space    used 10101K, committed 10368K, reserved 1048576K
}
Event: 9.269 GC heap before
{Heap before GC invocations=16 (full 0):
 garbage-first heap   total 114688K, used 87141K [0x0000000700000000, 0x0000000800000000)
  region size 2048K, 29 young (59392K), 3 survivors (6144K)
 Metaspace       used 78082K, committed 78656K, reserved 1179648K
  class space    used 10836K, committed 11136K, reserved 1048576K
}
Event: 9.279 GC heap after
{Heap after GC invocations=17 (full 0):
 garbage-first heap   total 114688K, used 38224K [0x0000000700000000, 0x0000000800000000)
  region size 2048K, 4 young (8192K), 4 survivors (8192K)
 Metaspace       used 78082K, committed 78656K, reserved 1179648K
  class space    used 10836K, committed 11136K, reserved 1048576K
}

