# JRE version: Java(TM) SE Runtime Environment (17.0.10+11) (build 17.0.10+11-LTS-240)
# Java VM: Java HotSpot(TM) 64-Bit Server VM (17.0.10+11-LTS-240, mixed mode, sharing, tiered, compressed oops, compressed class ptrs, g1 gc, bsd-amd64)
GC Precious Log:
 CPUs: 4 total, 4 available
 Memory: 16384M
 Large Page Support: Disabled
 NUMA Support: Disabled
 Compressed Oops: Enabled (Zero based)
 Heap Region Size: 2M
 Heap Min Capacity: 8M
 Heap Initial Capacity: 256M
 Heap Max Capacity: 4G
 Pre-touch: Disabled
 Parallel Workers: 4
 Concurrent Workers: 1
 Concurrent Refinement Workers: 4
 Periodic GC: Disabled
Heap:
 garbage-first heap   total 90112K, used 41995K [0x0000000700000000, 0x0000000800000000)
  region size 2048K, 5 young (10240K), 2 survivors (4096K)
 Metaspace       used 80902K, committed 81408K, reserved 1179648K
  class space    used 11270K, committed 11520K, reserved 1048576K
GC Heap History (20 events):
Event: 3.665 GC heap before
{Heap before GC invocations=6 (full 0):
 garbage-first heap   total 69632K, used 19784K [0x0000000700000000, 0x0000000800000000)
  region size 2048K, 3 young (6144K), 2 survivors (4096K)
 Metaspace       used 27673K, committed 28032K, reserved 1114112K
  class space    used 3550K, committed 3712K, reserved 1048576K
}
Event: 3.673 GC heap after
{Heap after GC invocations=7 (full 0):
 garbage-first heap   total 69632K, used 18107K [0x0000000700000000, 0x0000000800000000)
  region size 2048K, 1 young (2048K), 1 survivors (2048K)
 Metaspace       used 27673K, committed 28032K, reserved 1114112K
  class space    used 3550K, committed 3712K, reserved 1048576K
}
Event: 4.230 GC heap before
{Heap before GC invocations=7 (full 0):
 garbage-first heap   total 69632K, used 44731K [0x0000000700000000, 0x0000000800000000)
  region size 2048K, 14 young (28672K), 1 survivors (2048K)
 Metaspace       used 31606K, committed 32064K, reserved 1114112K
  class space    used 4064K, committed 4288K, reserved 1048576K
}
Event: 4.234 GC heap after
{Heap after GC invocations=8 (full 0):
 garbage-first heap   total 102400K, used 19796K [0x0000000700000000, 0x0000000800000000)
  region size 2048K, 2 young (4096K), 2 survivors (4096K)
 Metaspace       used 31606K, committed 32064K, reserved 1114112K
  class space    used 4064K, committed 4288K, reserved 1048576K
}
Event: 4.683 GC heap before
{Heap before GC invocations=8 (full 0):
 garbage-first heap   total 102400K, used 36180K [0x0000000700000000, 0x0000000800000000)
  region size 2048K, 12 young (24576K), 2 survivors (4096K)
 Metaspace       used 35560K, committed 35968K, reserved 1114112K
  class space    used 4651K, committed 4864K, reserved 1048576K
}
Event: 4.689 GC heap after
{Heap after GC invocations=9 (full 0):
 garbage-first heap   total 102400K, used 20737K [0x0000000700000000, 0x0000000800000000)
  region size 2048K, 2 young (4096K), 2 survivors (4096K)
 Metaspace       used 35560K, committed 35968K, reserved 1114112K
  class space    used 4651K, committed 4864K, reserved 1048576K
}
Event: 6.153 GC heap before
{Heap before GC invocations=10 (full 0):
 garbage-first heap   total 90112K, used 69889K [0x0000000700000000, 0x0000000800000000)
  region size 2048K, 26 young (53248K), 2 survivors (4096K)
 Metaspace       used 50729K, committed 51200K, reserved 1114112K
  class space    used 6683K, committed 6912K, reserved 1048576K
}
Event: 6.159 GC heap after
{Heap after GC invocations=11 (full 0):
 garbage-first heap   total 90112K, used 24577K [0x0000000700000000, 0x0000000800000000)
  region size 2048K, 4 young (8192K), 4 survivors (8192K)
 Metaspace       used 50729K, committed 51200K, reserved 1114112K
  class space    used 6683K, committed 6912K, reserved 1048576K
}
Event: 6.202 GC heap before
{Heap before GC invocations=11 (full 0):
 garbage-first heap   total 90112K, used 26625K [0x0000000700000000, 0x0000000800000000)
  region size 2048K, 5 young (10240K), 4 survivors (8192K)
 Metaspace       used 51190K, committed 51648K, reserved 1114112K
  class space    used 6725K, committed 6976K, reserved 1048576K
}
Event: 6.212 GC heap after
{Heap after GC invocations=12 (full 0):
 garbage-first heap   total 90112K, used 25239K [0x0000000700000000, 0x0000000800000000)
  region size 2048K, 1 young (2048K), 1 survivors (2048K)
 Metaspace       used 51190K, committed 51648K, reserved 1114112K
  class space    used 6725K, committed 6976K, reserved 1048576K
}
Event: 7.079 GC heap before
{Heap before GC invocations=12 (full 0):
 garbage-first heap   total 90112K, used 60055K [0x0000000700000000, 0x0000000800000000)
  region size 2048K, 19 young (38912K), 1 survivors (2048K)
 Metaspace       used 60022K, committed 60480K, reserved 1114112K
  class space    used 8101K, committed 8320K, reserved 1048576K
}
Event: 7.082 GC heap after
{Heap after GC invocations=13 (full 0):
 garbage-first heap   total 90112K, used 25606K [0x0000000700000000, 0x0000000800000000)
  region size 2048K, 1 young (2048K), 1 survivors (2048K)
 Metaspace       used 60022K, committed 60480K, reserved 1114112K
  class space    used 8101K, committed 8320K, reserved 1048576K
}
Event: 8.377 GC heap before
{Heap before GC invocations=14 (full 0):
 garbage-first heap   total 90112K, used 66566K [0x0000000700000000, 0x0000000800000000)
  region size 2048K, 21 young (43008K), 1 survivors (2048K)
 Metaspace       used 67094K, committed 67648K, reserved 1114112K
  class space    used 9198K, committed 9472K, reserved 1048576K
}
Event: 8.387 GC heap after
{Heap after GC invocations=15 (full 0):
 garbage-first heap   total 90112K, used 29142K [0x0000000700000000, 0x0000000800000000)
  region size 2048K, 3 young (6144K), 3 survivors (6144K)
 Metaspace       used 67094K, committed 67648K, reserved 1114112K
  class space    used 9198K, committed 9472K, reserved 1048576K
}
Event: 9.117 GC heap before
{Heap before GC invocations=16 (full 0):
 garbage-first heap   total 90112K, used 66006K [0x0000000700000000, 0x0000000800000000)
  region size 2048K, 21 young (43008K), 3 survivors (6144K)
 Metaspace       used 71284K, committed 71808K, reserved 1114112K
  class space    used 9910K, committed 10176K, reserved 1048576K
}
Event: 9.126 GC heap after
{Heap after GC invocations=17 (full 0):
 garbage-first heap   total 90112K, used 32013K [0x0000000700000000, 0x0000000800000000)
  region size 2048K, 2 young (4096K), 2 survivors (4096K)
 Metaspace       used 71284K, committed 71808K, reserved 1114112K
  class space    used 9910K, committed 10176K, reserved 1048576K
}
Event: 9.867 GC heap before
{Heap before GC invocations=17 (full 0):
 garbage-first heap   total 90112K, used 66829K [0x0000000700000000, 0x0000000800000000)
  region size 2048K, 19 young (38912K), 2 survivors (4096K)
 Metaspace       used 74695K, committed 75200K, reserved 1114112K
  class space    used 10408K, committed 10624K, reserved 1048576K
}
Event: 9.874 GC heap after
{Heap after GC invocations=18 (full 0):
 garbage-first heap   total 90112K, used 35017K [0x0000000700000000, 0x0000000800000000)
  region size 2048K, 3 young (6144K), 3 survivors (6144K)
 Metaspace       used 74695K, committed 75200K, reserved 1114112K
  class space    used 10408K, committed 10624K, reserved 1048576K
}
Event: 15.595 GC heap before
{Heap before GC invocations=18 (full 0):
 garbage-first heap   total 90112K, used 65737K [0x0000000700000000, 0x0000000800000000)
  region size 2048K, 19 young (38912K), 3 survivors (6144K)
 Metaspace       used 79597K, committed 80192K, reserved 1179648K
  class space    used 11102K, committed 11392K, reserved 1048576K
}
Event: 15.604 GC heap after
{Heap after GC invocations=19 (full 0):
 garbage-first heap   total 90112K, used 37899K [0x0000000700000000, 0x0000000800000000)
  region size 2048K, 2 young (4096K), 2 survivors (4096K)
 Metaspace       used 79597K, committed 80192K, reserved 1179648K
  class space    used 11102K, committed 11392K, reserved 1048576K
}

