# JRE version: Java(TM) SE Runtime Environment (17.0.10+11) (build 17.0.10+11-LTS-240)
# Java VM: Java HotSpot(TM) 64-Bit Server VM (17.0.10+11-LTS-240, mixed mode, sharing, tiered, compressed oops, compressed class ptrs, g1 gc, bsd-amd64)
GC Precious Log:
 CPUs: 4 total, 4 available
 Memory: 16384M
 Large Page Support: Disabled
 NUMA Support: Disabled
 Compressed Oops: Enabled (Zero based)
 Heap Region Size: 2M
 Heap Min Capacity: 8M
 Heap Initial Capacity: 256M
 Heap Max Capacity: 4G
 Pre-touch: Disabled
 Parallel Workers: 4
 Concurrent Workers: 1
 Concurrent Refinement Workers: 4
 Periodic GC: Disabled
Heap:
 garbage-first heap   total 90112K, used 42235K [0x0000000700000000, 0x0000000800000000)
  region size 2048K, 6 young (12288K), 2 survivors (4096K)
 Metaspace       used 81460K, committed 81984K, reserved 1179648K
  class space    used 11339K, committed 11584K, reserved 1048576K
GC Heap History (20 events):
Event: 4.951 GC heap before
{Heap before GC invocations=6 (full 0):
 garbage-first heap   total 69632K, used 20090K [0x0000000700000000, 0x0000000800000000)
  region size 2048K, 3 young (6144K), 2 survivors (4096K)
 Metaspace       used 27728K, committed 28096K, reserved 1114112K
  class space    used 3562K, committed 3712K, reserved 1048576K
}
Event: 4.958 GC heap after
{Heap after GC invocations=7 (full 0):
 garbage-first heap   total 69632K, used 18499K [0x0000000700000000, 0x0000000800000000)
  region size 2048K, 1 young (2048K), 1 survivors (2048K)
 Metaspace       used 27728K, committed 28096K, reserved 1114112K
  class space    used 3562K, committed 3712K, reserved 1048576K
}
Event: 5.615 GC heap before
{Heap before GC invocations=7 (full 0):
 garbage-first heap   total 69632K, used 43075K [0x0000000700000000, 0x0000000800000000)
  region size 2048K, 14 young (28672K), 1 survivors (2048K)
 Metaspace       used 31573K, committed 32064K, reserved 1114112K
  class space    used 4063K, committed 4288K, reserved 1048576K
}
Event: 5.623 GC heap after
{Heap after GC invocations=8 (full 0):
 garbage-first heap   total 69632K, used 20135K [0x0000000700000000, 0x0000000800000000)
  region size 2048K, 2 young (4096K), 2 survivors (4096K)
 Metaspace       used 31573K, committed 32064K, reserved 1114112K
  class space    used 4063K, committed 4288K, reserved 1048576K
}
Event: 6.154 GC heap before
{Heap before GC invocations=8 (full 0):
 garbage-first heap   total 69632K, used 38567K [0x0000000700000000, 0x0000000800000000)
  region size 2048K, 12 young (24576K), 2 survivors (4096K)
 Metaspace       used 35750K, committed 36160K, reserved 1114112K
  class space    used 4679K, committed 4864K, reserved 1048576K
}
Event: 6.158 GC heap after
{Heap after GC invocations=9 (full 0):
 garbage-first heap   total 96256K, used 21195K [0x0000000700000000, 0x0000000800000000)
  region size 2048K, 2 young (4096K), 2 survivors (4096K)
 Metaspace       used 35750K, committed 36160K, reserved 1114112K
  class space    used 4679K, committed 4864K, reserved 1048576K
}
Event: 7.713 GC heap before
{Heap before GC invocations=10 (full 0):
 garbage-first heap   total 90112K, used 66251K [0x0000000700000000, 0x0000000800000000)
  region size 2048K, 25 young (51200K), 2 survivors (4096K)
 Metaspace       used 50716K, committed 51200K, reserved 1114112K
  class space    used 6683K, committed 6912K, reserved 1048576K
}
Event: 7.721 GC heap after
{Heap after GC invocations=11 (full 0):
 garbage-first heap   total 90112K, used 25248K [0x0000000700000000, 0x0000000800000000)
  region size 2048K, 4 young (8192K), 4 survivors (8192K)
 Metaspace       used 50716K, committed 51200K, reserved 1114112K
  class space    used 6683K, committed 6912K, reserved 1048576K
}
Event: 7.751 GC heap before
{Heap before GC invocations=11 (full 0):
 garbage-first heap   total 90112K, used 25248K [0x0000000700000000, 0x0000000800000000)
  region size 2048K, 5 young (10240K), 4 survivors (8192K)
 Metaspace       used 50898K, committed 51328K, reserved 1114112K
  class space    used 6703K, committed 6912K, reserved 1048576K
}
Event: 7.761 GC heap after
{Heap after GC invocations=12 (full 0):
 garbage-first heap   total 90112K, used 25442K [0x0000000700000000, 0x0000000800000000)
  region size 2048K, 1 young (2048K), 1 survivors (2048K)
 Metaspace       used 50898K, committed 51328K, reserved 1114112K
  class space    used 6703K, committed 6912K, reserved 1048576K
}
Event: 9.213 GC heap before
{Heap before GC invocations=12 (full 0):
 garbage-first heap   total 90112K, used 62306K [0x0000000700000000, 0x0000000800000000)
  region size 2048K, 20 young (40960K), 1 survivors (2048K)
 Metaspace       used 60442K, committed 60928K, reserved 1114112K
  class space    used 8180K, committed 8448K, reserved 1048576K
}
Event: 9.219 GC heap after
{Heap after GC invocations=13 (full 0):
 garbage-first heap   total 90112K, used 25898K [0x0000000700000000, 0x0000000800000000)
  region size 2048K, 1 young (2048K), 1 survivors (2048K)
 Metaspace       used 60442K, committed 60928K, reserved 1114112K
  class space    used 8180K, committed 8448K, reserved 1048576K
}
Event: 10.247 GC heap before
{Heap before GC invocations=14 (full 0):
 garbage-first heap   total 90112K, used 66858K [0x0000000700000000, 0x0000000800000000)
  region size 2048K, 21 young (43008K), 1 survivors (2048K)
 Metaspace       used 67379K, committed 67904K, reserved 1114112K
  class space    used 9248K, committed 9472K, reserved 1048576K
}
Event: 10.254 GC heap after
{Heap after GC invocations=15 (full 0):
 garbage-first heap   total 90112K, used 29752K [0x0000000700000000, 0x0000000800000000)
  region size 2048K, 3 young (6144K), 3 survivors (6144K)
 Metaspace       used 67379K, committed 67904K, reserved 1114112K
  class space    used 9248K, committed 9472K, reserved 1048576K
}
Event: 11.876 GC heap before
{Heap before GC invocations=15 (full 0):
 garbage-first heap   total 90112K, used 66616K [0x0000000700000000, 0x0000000800000000)
  region size 2048K, 21 young (43008K), 3 survivors (6144K)
 Metaspace       used 71419K, committed 71936K, reserved 1114112K
  class space    used 9927K, committed 10176K, reserved 1048576K
}
Event: 11.887 GC heap after
{Heap after GC invocations=16 (full 0):
 garbage-first heap   total 90112K, used 32496K [0x0000000700000000, 0x0000000800000000)
  region size 2048K, 2 young (4096K), 2 survivors (4096K)
 Metaspace       used 71419K, committed 71936K, reserved 1114112K
  class space    used 9927K, committed 10176K, reserved 1048576K
}
Event: 12.793 GC heap before
{Heap before GC invocations=16 (full 0):
 garbage-first heap   total 90112K, used 65264K [0x0000000700000000, 0x0000000800000000)
  region size 2048K, 19 young (38912K), 2 survivors (4096K)
 Metaspace       used 74877K, committed 75456K, reserved 1114112K
  class space    used 10430K, committed 10688K, reserved 1048576K
}
Event: 12.800 GC heap after
{Heap after GC invocations=17 (full 0):
 garbage-first heap   total 90112K, used 35433K [0x0000000700000000, 0x0000000800000000)
  region size 2048K, 3 young (6144K), 3 survivors (6144K)
 Metaspace       used 74877K, committed 75456K, reserved 1114112K
  class space    used 10430K, committed 10688K, reserved 1048576K
}
Event: 72.211 GC heap before
{Heap before GC invocations=17 (full 0):
 garbage-first heap   total 90112K, used 66153K [0x0000000700000000, 0x0000000800000000)
  region size 2048K, 19 young (38912K), 3 survivors (6144K)
 Metaspace       used 79732K, committed 80320K, reserved 1179648K
  class space    used 11104K, committed 11392K, reserved 1048576K
}
Event: 72.224 GC heap after
{Heap after GC invocations=18 (full 0):
 garbage-first heap   total 90112K, used 38139K [0x0000000700000000, 0x0000000800000000)
  region size 2048K, 2 young (4096K), 2 survivors (4096K)
 Metaspace       used 79732K, committed 80320K, reserved 1179648K
  class space    used 11104K, committed 11392K, reserved 1048576K
}

