# JRE version: Java(TM) SE Runtime Environment (17.0.10+11) (build 17.0.10+11-LTS-240)
# Java VM: Java HotSpot(TM) 64-Bit Server VM (17.0.10+11-LTS-240, mixed mode, sharing, tiered, compressed oops, compressed class ptrs, g1 gc, bsd-amd64)
GC Precious Log:
 CPUs: 4 total, 4 available
 Memory: 16384M
 Large Page Support: Disabled
 NUMA Support: Disabled
 Compressed Oops: Enabled (Zero based)
 Heap Region Size: 2M
 Heap Min Capacity: 8M
 Heap Initial Capacity: 256M
 Heap Max Capacity: 4G
 Pre-touch: Disabled
 Parallel Workers: 4
 Concurrent Workers: 1
 Concurrent Refinement Workers: 4
 Periodic GC: Disabled
Heap:
 garbage-first heap   total 126976K, used 71512K [0x0000000700000000, 0x0000000800000000)
  region size 2048K, 21 young (43008K), 3 survivors (6144K)
 Metaspace       used 81247K, committed 81792K, reserved 1179648K
  class space    used 11267K, committed 11520K, reserved 1048576K
GC Heap History (20 events):
Event: 3.065 GC heap before
{Heap before GC invocations=5 (full 0):
 garbage-first heap   total 69632K, used 47645K [0x0000000700000000, 0x0000000800000000)
  region size 2048K, 20 young (40960K), 4 survivors (8192K)
 Metaspace       used 27428K, committed 27776K, reserved 1114112K
  class space    used 3509K, committed 3648K, reserved 1048576K
}
Event: 3.082 GC heap after
{Heap after GC invocations=6 (full 0):
 garbage-first heap   total 69632K, used 17948K [0x0000000700000000, 0x0000000800000000)
  region size 2048K, 2 young (4096K), 2 survivors (4096K)
 Metaspace       used 27428K, committed 27776K, reserved 1114112K
  class space    used 3509K, committed 3648K, reserved 1048576K
}
Event: 3.125 GC heap before
{Heap before GC invocations=6 (full 0):
 garbage-first heap   total 69632K, used 19996K [0x0000000700000000, 0x0000000800000000)
  region size 2048K, 3 young (6144K), 2 survivors (4096K)
 Metaspace       used 27721K, committed 28096K, reserved 1114112K
  class space    used 3562K, committed 3712K, reserved 1048576K
}
Event: 3.132 GC heap after
{Heap after GC invocations=7 (full 0):
 garbage-first heap   total 83968K, used 18251K [0x0000000700000000, 0x0000000800000000)
  region size 2048K, 1 young (2048K), 1 survivors (2048K)
 Metaspace       used 27721K, committed 28096K, reserved 1114112K
  class space    used 3562K, committed 3712K, reserved 1048576K
}
Event: 3.906 GC heap before
{Heap before GC invocations=7 (full 0):
 garbage-first heap   total 83968K, used 53067K [0x0000000700000000, 0x0000000800000000)
  region size 2048K, 19 young (38912K), 1 survivors (2048K)
 Metaspace       used 33265K, committed 33664K, reserved 1114112K
  class space    used 4283K, committed 4480K, reserved 1048576K
}
Event: 3.909 GC heap after
{Heap after GC invocations=8 (full 0):
 garbage-first heap   total 83968K, used 20406K [0x0000000700000000, 0x0000000800000000)
  region size 2048K, 2 young (4096K), 2 survivors (4096K)
 Metaspace       used 33265K, committed 33664K, reserved 1114112K
  class space    used 4283K, committed 4480K, reserved 1048576K
}
Event: 4.089 GC heap before
{Heap before GC invocations=8 (full 0):
 garbage-first heap   total 83968K, used 28598K [0x0000000700000000, 0x0000000800000000)
  region size 2048K, 7 young (14336K), 2 survivors (4096K)
 Metaspace       used 35712K, committed 36096K, reserved 1114112K
  class space    used 4671K, committed 4864K, reserved 1048576K
}
Event: 4.093 GC heap after
{Heap after GC invocations=9 (full 0):
 garbage-first heap   total 83968K, used 20966K [0x0000000700000000, 0x0000000800000000)
  region size 2048K, 2 young (4096K), 2 survivors (4096K)
 Metaspace       used 35712K, committed 36096K, reserved 1114112K
  class space    used 4671K, committed 4864K, reserved 1048576K
}
Event: 5.062 GC heap before
{Heap before GC invocations=10 (full 0):
 garbage-first heap   total 83968K, used 59878K [0x0000000700000000, 0x0000000800000000)
  region size 2048K, 21 young (43008K), 2 survivors (4096K)
 Metaspace       used 49164K, committed 49664K, reserved 1114112K
  class space    used 6501K, committed 6784K, reserved 1048576K
}
Event: 5.069 GC heap after
{Heap after GC invocations=11 (full 0):
 garbage-first heap   total 83968K, used 23978K [0x0000000700000000, 0x0000000800000000)
  region size 2048K, 3 young (6144K), 3 survivors (6144K)
 Metaspace       used 49164K, committed 49664K, reserved 1114112K
  class space    used 6501K, committed 6784K, reserved 1048576K
}
Event: 5.960 GC heap before
{Heap before GC invocations=12 (full 0):
 garbage-first heap   total 83968K, used 58794K [0x0000000700000000, 0x0000000800000000)
  region size 2048K, 21 young (43008K), 3 survivors (6144K)
 Metaspace       used 58145K, committed 58688K, reserved 1114112K
  class space    used 7868K, committed 8128K, reserved 1048576K
}
Event: 5.969 GC heap after
{Heap after GC invocations=13 (full 0):
 garbage-first heap   total 83968K, used 26127K [0x0000000700000000, 0x0000000800000000)
  region size 2048K, 2 young (4096K), 2 survivors (4096K)
 Metaspace       used 58145K, committed 58688K, reserved 1114112K
  class space    used 7868K, committed 8128K, reserved 1048576K
}
Event: 6.807 GC heap before
{Heap before GC invocations=13 (full 0):
 garbage-first heap   total 83968K, used 60943K [0x0000000700000000, 0x0000000800000000)
  region size 2048K, 19 young (38912K), 2 survivors (4096K)
 Metaspace       used 64506K, committed 65024K, reserved 1114112K
  class space    used 8718K, committed 8960K, reserved 1048576K
}
Event: 6.814 GC heap after
{Heap after GC invocations=14 (full 0):
 garbage-first heap   total 83968K, used 28306K [0x0000000700000000, 0x0000000800000000)
  region size 2048K, 3 young (6144K), 3 survivors (6144K)
 Metaspace       used 64506K, committed 65024K, reserved 1114112K
  class space    used 8718K, committed 8960K, reserved 1048576K
}
Event: 7.324 GC heap before
{Heap before GC invocations=14 (full 0):
 garbage-first heap   total 83968K, used 61074K [0x0000000700000000, 0x0000000800000000)
  region size 2048K, 19 young (38912K), 3 survivors (6144K)
 Metaspace       used 69613K, committed 70144K, reserved 1114112K
  class space    used 9642K, committed 9920K, reserved 1048576K
}
Event: 7.336 GC heap after
{Heap after GC invocations=15 (full 0):
 garbage-first heap   total 83968K, used 31230K [0x0000000700000000, 0x0000000800000000)
  region size 2048K, 3 young (6144K), 3 survivors (6144K)
 Metaspace       used 69613K, committed 70144K, reserved 1114112K
  class space    used 9642K, committed 9920K, reserved 1048576K
}
Event: 8.068 GC heap before
{Heap before GC invocations=15 (full 0):
 garbage-first heap   total 83968K, used 61950K [0x0000000700000000, 0x0000000800000000)
  region size 2048K, 18 young (36864K), 3 survivors (6144K)
 Metaspace       used 72957K, committed 73472K, reserved 1114112K
  class space    used 10110K, committed 10368K, reserved 1048576K
}
Event: 8.084 GC heap after
{Heap after GC invocations=16 (full 0):
 garbage-first heap   total 83968K, used 33543K [0x0000000700000000, 0x0000000800000000)
  region size 2048K, 3 young (6144K), 3 survivors (6144K)
 Metaspace       used 72957K, committed 73472K, reserved 1114112K
  class space    used 10110K, committed 10368K, reserved 1048576K
}
Event: 8.616 GC heap before
{Heap before GC invocations=16 (full 0):
 garbage-first heap   total 83968K, used 62215K [0x0000000700000000, 0x0000000800000000)
  region size 2048K, 17 young (34816K), 3 survivors (6144K)
 Metaspace       used 75248K, committed 75776K, reserved 1179648K
  class space    used 10432K, committed 10688K, reserved 1048576K
}
Event: 8.629 GC heap after
{Heap after GC invocations=17 (full 0):
 garbage-first heap   total 126976K, used 36696K [0x0000000700000000, 0x0000000800000000)
  region size 2048K, 3 young (6144K), 3 survivors (6144K)
 Metaspace       used 75248K, committed 75776K, reserved 1179648K
  class space    used 10432K, committed 10688K, reserved 1048576K
}

