# JRE version: Java(TM) SE Runtime Environment (17.0.10+11) (build 17.0.10+11-LTS-240)
# Java VM: Java HotSpot(TM) 64-Bit Server VM (17.0.10+11-LTS-240, mixed mode, sharing, tiered, compressed oops, compressed class ptrs, g1 gc, bsd-amd64)
GC Precious Log:
 CPUs: 4 total, 4 available
 Memory: 16384M
 Large Page Support: Disabled
 NUMA Support: Disabled
 Compressed Oops: Enabled (Zero based)
 Heap Region Size: 2M
 Heap Min Capacity: 8M
 Heap Initial Capacity: 256M
 Heap Max Capacity: 4G
 Pre-touch: Disabled
 Parallel Workers: 4
 Concurrent Workers: 1
 Concurrent Refinement Workers: 4
 Periodic GC: Disabled
Heap:
 garbage-first heap   total 98304K, used 73253K [0x0000000700000000, 0x0000000800000000)
  region size 2048K, 19 young (38912K), 1 survivors (2048K)
 Metaspace       used 82110K, committed 82688K, reserved 1179648K
  class space    used 11384K, committed 11648K, reserved 1048576K
GC Heap History (20 events):
Event: 7.608 GC heap before
{Heap before GC invocations=11 (full 0):
 garbage-first heap   total 69632K, used 50141K [0x0000000700000000, 0x0000000800000000)
  region size 2048K, 15 young (30720K), 2 survivors (4096K)
 Metaspace       used 52390K, committed 52864K, reserved 1114112K
  class space    used 6871K, committed 7104K, reserved 1048576K
}
Event: 7.614 GC heap after
{Heap after GC invocations=12 (full 0):
 garbage-first heap   total 69632K, used 25100K [0x0000000700000000, 0x0000000800000000)
  region size 2048K, 1 young (2048K), 1 survivors (2048K)
 Metaspace       used 52390K, committed 52864K, reserved 1114112K
  class space    used 6871K, committed 7104K, reserved 1048576K
}
Event: 8.158 GC heap before
{Heap before GC invocations=12 (full 0):
 garbage-first heap   total 69632K, used 49676K [0x0000000700000000, 0x0000000800000000)
  region size 2048K, 13 young (26624K), 1 survivors (2048K)
 Metaspace       used 58387K, committed 58816K, reserved 1114112K
  class space    used 7882K, committed 8064K, reserved 1048576K
}
Event: 8.162 GC heap after
{Heap after GC invocations=13 (full 0):
 garbage-first heap   total 98304K, used 26114K [0x0000000700000000, 0x0000000800000000)
  region size 2048K, 2 young (4096K), 2 survivors (4096K)
 Metaspace       used 58387K, committed 58816K, reserved 1114112K
  class space    used 7882K, committed 8064K, reserved 1048576K
}
Event: 8.288 GC heap before
{Heap before GC invocations=13 (full 0):
 garbage-first heap   total 98304K, used 30210K [0x0000000700000000, 0x0000000800000000)
  region size 2048K, 5 young (10240K), 2 survivors (4096K)
 Metaspace       used 59802K, committed 60288K, reserved 1114112K
  class space    used 8072K, committed 8256K, reserved 1048576K
}
Event: 8.291 GC heap after
{Heap after GC invocations=14 (full 0):
 garbage-first heap   total 98304K, used 26216K [0x0000000700000000, 0x0000000800000000)
  region size 2048K, 2 young (4096K), 2 survivors (4096K)
 Metaspace       used 59802K, committed 60288K, reserved 1114112K
  class space    used 8072K, committed 8256K, reserved 1048576K
}
Event: 9.562 GC heap before
{Heap before GC invocations=15 (full 0):
 garbage-first heap   total 98304K, used 73320K [0x0000000700000000, 0x0000000800000000)
  region size 2048K, 25 young (51200K), 2 survivors (4096K)
 Metaspace       used 68336K, committed 68928K, reserved 1114112K
  class space    used 9518K, committed 9792K, reserved 1048576K
}
Event: 9.570 GC heap after
{Heap after GC invocations=16 (full 0):
 garbage-first heap   total 98304K, used 30514K [0x0000000700000000, 0x0000000800000000)
  region size 2048K, 4 young (8192K), 4 survivors (8192K)
 Metaspace       used 68336K, committed 68928K, reserved 1114112K
  class space    used 9518K, committed 9792K, reserved 1048576K
}
Event: 9.587 GC heap before
{Heap before GC invocations=16 (full 0):
 garbage-first heap   total 98304K, used 32562K [0x0000000700000000, 0x0000000800000000)
  region size 2048K, 5 young (10240K), 4 survivors (8192K)
 Metaspace       used 68340K, committed 68928K, reserved 1114112K
  class space    used 9518K, committed 9792K, reserved 1048576K
}
Event: 9.597 GC heap after
{Heap after GC invocations=17 (full 0):
 garbage-first heap   total 98304K, used 31227K [0x0000000700000000, 0x0000000800000000)
  region size 2048K, 1 young (2048K), 1 survivors (2048K)
 Metaspace       used 68340K, committed 68928K, reserved 1114112K
  class space    used 9518K, committed 9792K, reserved 1048576K
}
Event: 10.379 GC heap before
{Heap before GC invocations=17 (full 0):
 garbage-first heap   total 98304K, used 74235K [0x0000000700000000, 0x0000000800000000)
  region size 2048K, 22 young (45056K), 1 survivors (2048K)
 Metaspace       used 73114K, committed 73664K, reserved 1114112K
  class space    used 10149K, committed 10432K, reserved 1048576K
}
Event: 10.384 GC heap after
{Heap after GC invocations=18 (full 0):
 garbage-first heap   total 98304K, used 33528K [0x0000000700000000, 0x0000000800000000)
  region size 2048K, 2 young (4096K), 2 survivors (4096K)
 Metaspace       used 73114K, committed 73664K, reserved 1114112K
  class space    used 10149K, committed 10432K, reserved 1048576K
}
Event: 11.039 GC heap before
{Heap before GC invocations=19 (full 0):
 garbage-first heap   total 98304K, used 74488K [0x0000000700000000, 0x0000000800000000)
  region size 2048K, 22 young (45056K), 2 survivors (4096K)
 Metaspace       used 76192K, committed 76736K, reserved 1179648K
  class space    used 10637K, committed 10880K, reserved 1048576K
}
Event: 11.050 GC heap after
{Heap after GC invocations=20 (full 0):
 garbage-first heap   total 98304K, used 37174K [0x0000000700000000, 0x0000000800000000)
  region size 2048K, 3 young (6144K), 3 survivors (6144K)
 Metaspace       used 76192K, committed 76736K, reserved 1179648K
  class space    used 10637K, committed 10880K, reserved 1048576K
}
Event: 56.133 GC heap before
{Heap before GC invocations=20 (full 0):
 garbage-first heap   total 98304K, used 39222K [0x0000000700000000, 0x0000000800000000)
  region size 2048K, 4 young (8192K), 3 survivors (6144K)
 Metaspace       used 76325K, committed 76864K, reserved 1179648K
  class space    used 10665K, committed 10880K, reserved 1048576K
}
Event: 56.145 GC heap after
{Heap after GC invocations=21 (full 0):
 garbage-first heap   total 98304K, used 37946K [0x0000000700000000, 0x0000000800000000)
  region size 2048K, 1 young (2048K), 1 survivors (2048K)
 Metaspace       used 76325K, committed 76864K, reserved 1179648K
  class space    used 10665K, committed 10880K, reserved 1048576K
}
Event: 897.198 GC heap before
{Heap before GC invocations=21 (full 0):
 garbage-first heap   total 98304K, used 72762K [0x0000000700000000, 0x0000000800000000)
  region size 2048K, 18 young (36864K), 1 survivors (2048K)
 Metaspace       used 79104K, committed 79744K, reserved 1179648K
  class space    used 11013K, committed 11328K, reserved 1048576K
}
Event: 897.200 GC heap after
{Heap after GC invocations=22 (full 0):
 garbage-first heap   total 98304K, used 37857K [0x0000000700000000, 0x0000000800000000)
  region size 2048K, 1 young (2048K), 1 survivors (2048K)
 Metaspace       used 79104K, committed 79744K, reserved 1179648K
  class space    used 11013K, committed 11328K, reserved 1048576K
}
Event: 1728.272 GC heap before
{Heap before GC invocations=22 (full 0):
 garbage-first heap   total 98304K, used 72673K [0x0000000700000000, 0x0000000800000000)
  region size 2048K, 19 young (38912K), 1 survivors (2048K)
 Metaspace       used 81856K, committed 82432K, reserved 1179648K
  class space    used 11375K, committed 11648K, reserved 1048576K
}
Event: 1728.278 GC heap after
{Heap after GC invocations=23 (full 0):
 garbage-first heap   total 98304K, used 38437K [0x0000000700000000, 0x0000000800000000)
  region size 2048K, 1 young (2048K), 1 survivors (2048K)
 Metaspace       used 81856K, committed 82432K, reserved 1179648K
  class space    used 11375K, committed 11648K, reserved 1048576K
}

