# JRE version: Java(TM) SE Runtime Environment (17.0.10+11) (build 17.0.10+11-LTS-240)
# Java VM: Java HotSpot(TM) 64-Bit Server VM (17.0.10+11-LTS-240, mixed mode, sharing, tiered, compressed oops, compressed class ptrs, g1 gc, bsd-amd64)
GC Precious Log:
 CPUs: 4 total, 4 available
 Memory: 16384M
 Large Page Support: Disabled
 NUMA Support: Disabled
 Compressed Oops: Enabled (Zero based)
 Heap Region Size: 2M
 Heap Min Capacity: 8M
 Heap Initial Capacity: 256M
 Heap Max Capacity: 4G
 Pre-touch: Disabled
 Parallel Workers: 4
 Concurrent Workers: 1
 Concurrent Refinement Workers: 4
 Periodic GC: Disabled
Heap:
 garbage-first heap   total 90112K, used 42408K [0x0000000700000000, 0x0000000800000000)
  region size 2048K, 2 young (4096K), 1 survivors (2048K)
 Metaspace       used 88741K, committed 89536K, reserved 1179648K
  class space    used 11877K, committed 12288K, reserved 1048576K
GC Heap History (20 events):
Event: 313.547 GC heap before
{Heap before GC invocations=36 (full 3):
 garbage-first heap   total 90112K, used 67050K [0x0000000700000000, 0x0000000800000000)
  region size 2048K, 15 young (30720K), 2 survivors (4096K)
 Metaspace       used 87153K, committed 87936K, reserved 1179648K
  class space    used 11769K, committed 12160K, reserved 1048576K
}
Event: 313.553 GC heap after
{Heap after GC invocations=37 (full 3):
 garbage-first heap   total 90112K, used 42302K [0x0000000700000000, 0x0000000800000000)
  region size 2048K, 1 young (2048K), 1 survivors (2048K)
 Metaspace       used 87153K, committed 87936K, reserved 1179648K
  class space    used 11769K, committed 12160K, reserved 1048576K
}
Event: 319.046 GC heap before
{Heap before GC invocations=37 (full 3):
 garbage-first heap   total 90112K, used 44350K [0x0000000700000000, 0x0000000800000000)
  region size 2048K, 3 young (6144K), 1 survivors (2048K)
 Metaspace       used 87162K, committed 87936K, reserved 1179648K
  class space    used 11770K, committed 12160K, reserved 1048576K
}
Event: 319.131 GC heap after
{Heap after GC invocations=38 (full 4):
 garbage-first heap   total 90112K, used 33540K [0x0000000700000000, 0x0000000800000000)
  region size 2048K, 0 young (0K), 0 survivors (0K)
 Metaspace       used 87143K, committed 87936K, reserved 1179648K
  class space    used 11767K, committed 12160K, reserved 1048576K
}
Event: 319.605 GC heap before
{Heap before GC invocations=38 (full 4):
 garbage-first heap   total 90112K, used 66308K [0x0000000700000000, 0x0000000800000000)
  region size 2048K, 16 young (32768K), 0 survivors (0K)
 Metaspace       used 87362K, committed 88128K, reserved 1179648K
  class space    used 11789K, committed 12160K, reserved 1048576K
}
Event: 319.608 GC heap after
{Heap after GC invocations=39 (full 4):
 garbage-first heap   total 90112K, used 36548K [0x0000000700000000, 0x0000000800000000)
  region size 2048K, 2 young (4096K), 2 survivors (4096K)
 Metaspace       used 87362K, committed 88128K, reserved 1179648K
  class space    used 11789K, committed 12160K, reserved 1048576K
}
Event: 319.927 GC heap before
{Heap before GC invocations=39 (full 4):
 garbage-first heap   total 90112K, used 65220K [0x0000000700000000, 0x0000000800000000)
  region size 2048K, 16 young (32768K), 2 survivors (4096K)
 Metaspace       used 87511K, committed 88256K, reserved 1179648K
  class space    used 11797K, committed 12160K, reserved 1048576K
}
Event: 319.934 GC heap after
{Heap after GC invocations=40 (full 4):
 garbage-first heap   total 90112K, used 38240K [0x0000000700000000, 0x0000000800000000)
  region size 2048K, 1 young (2048K), 1 survivors (2048K)
 Metaspace       used 87511K, committed 88256K, reserved 1179648K
  class space    used 11797K, committed 12160K, reserved 1048576K
}
Event: 320.860 GC heap before
{Heap before GC invocations=40 (full 4):
 garbage-first heap   total 90112K, used 66912K [0x0000000700000000, 0x0000000800000000)
  region size 2048K, 15 young (30720K), 1 survivors (2048K)
 Metaspace       used 88177K, committed 88960K, reserved 1179648K
  class space    used 11835K, committed 12224K, reserved 1048576K
}
Event: 320.868 GC heap after
{Heap after GC invocations=41 (full 4):
 garbage-first heap   total 90112K, used 40939K [0x0000000700000000, 0x0000000800000000)
  region size 2048K, 2 young (4096K), 2 survivors (4096K)
 Metaspace       used 88177K, committed 88960K, reserved 1179648K
  class space    used 11835K, committed 12224K, reserved 1048576K
}
Event: 321.757 GC heap before
{Heap before GC invocations=42 (full 4):
 garbage-first heap   total 90112K, used 67563K [0x0000000700000000, 0x0000000800000000)
  region size 2048K, 15 young (30720K), 2 survivors (4096K)
 Metaspace       used 88204K, committed 88960K, reserved 1179648K
  class space    used 11837K, committed 12224K, reserved 1048576K
}
Event: 321.764 GC heap after
{Heap after GC invocations=43 (full 4):
 garbage-first heap   total 90112K, used 42789K [0x0000000700000000, 0x0000000800000000)
  region size 2048K, 1 young (2048K), 1 survivors (2048K)
 Metaspace       used 88204K, committed 88960K, reserved 1179648K
  class space    used 11837K, committed 12224K, reserved 1048576K
}
Event: 903.166 GC heap before
{Heap before GC invocations=43 (full 4):
 garbage-first heap   total 90112K, used 67365K [0x0000000700000000, 0x0000000800000000)
  region size 2048K, 13 young (26624K), 1 survivors (2048K)
 Metaspace       used 88598K, committed 89408K, reserved 1179648K
  class space    used 11868K, committed 12288K, reserved 1048576K
}
Event: 903.172 GC heap after
{Heap after GC invocations=44 (full 4):
 garbage-first heap   total 90112K, used 43340K [0x0000000700000000, 0x0000000800000000)
  region size 2048K, 2 young (4096K), 2 survivors (4096K)
 Metaspace       used 88598K, committed 89408K, reserved 1179648K
  class space    used 11868K, committed 12288K, reserved 1048576K
}
Event: 1648.144 GC heap before
{Heap before GC invocations=45 (full 4):
 garbage-first heap   total 90112K, used 65868K [0x0000000700000000, 0x0000000800000000)
  region size 2048K, 13 young (26624K), 2 survivors (4096K)
 Metaspace       used 88635K, committed 89408K, reserved 1179648K
  class space    used 11873K, committed 12288K, reserved 1048576K
}
Event: 1648.295 GC heap after
{Heap after GC invocations=46 (full 4):
 garbage-first heap   total 90112K, used 43335K [0x0000000700000000, 0x0000000800000000)
  region size 2048K, 1 young (2048K), 1 survivors (2048K)
 Metaspace       used 88635K, committed 89408K, reserved 1179648K
  class space    used 11873K, committed 12288K, reserved 1048576K
}
Event: 1715.053 GC heap before
{Heap before GC invocations=46 (full 4):
 garbage-first heap   total 90112K, used 45383K [0x0000000700000000, 0x0000000800000000)
  region size 2048K, 2 young (4096K), 1 survivors (2048K)
 Metaspace       used 88635K, committed 89408K, reserved 1179648K
  class space    used 11873K, committed 12288K, reserved 1048576K
}
Event: 1715.061 GC heap after
{Heap after GC invocations=47 (full 4):
 garbage-first heap   total 90112K, used 41863K [0x0000000700000000, 0x0000000800000000)
  region size 2048K, 1 young (2048K), 1 survivors (2048K)
 Metaspace       used 88635K, committed 89408K, reserved 1179648K
  class space    used 11873K, committed 12288K, reserved 1048576K
}
Event: 2442.979 GC heap before
{Heap before GC invocations=47 (full 4):
 garbage-first heap   total 90112K, used 68487K [0x0000000700000000, 0x0000000800000000)
  region size 2048K, 14 young (28672K), 1 survivors (2048K)
 Metaspace       used 88732K, committed 89536K, reserved 1179648K
  class space    used 11877K, committed 12288K, reserved 1048576K
}
Event: 2442.984 GC heap after
{Heap after GC invocations=48 (full 4):
 garbage-first heap   total 90112K, used 42408K [0x0000000700000000, 0x0000000800000000)
  region size 2048K, 1 young (2048K), 1 survivors (2048K)
 Metaspace       used 88732K, committed 89536K, reserved 1179648K
  class space    used 11877K, committed 12288K, reserved 1048576K
}

