# JRE version: Java(TM) SE Runtime Environment (17.0.10+11) (build 17.0.10+11-LTS-240)
# Java VM: Java HotSpot(TM) 64-Bit Server VM (17.0.10+11-LTS-240, mixed mode, sharing, tiered, compressed oops, compressed class ptrs, g1 gc, bsd-amd64)
GC Precious Log:
 CPUs: 4 total, 4 available
 Memory: 16384M
 Large Page Support: Disabled
 NUMA Support: Disabled
 Compressed Oops: Enabled (Zero based)
 Heap Region Size: 2M
 Heap Min Capacity: 8M
 Heap Initial Capacity: 256M
 Heap Max Capacity: 4G
 Pre-touch: Disabled
 Parallel Workers: 4
 Concurrent Workers: 1
 Concurrent Refinement Workers: 4
 Periodic GC: Disabled
Heap:
 garbage-first heap   total 122880K, used 52724K [0x0000000700000000, 0x0000000800000000)
  region size 2048K, 9 young (18432K), 3 survivors (6144K)
 Metaspace       used 88310K, committed 89088K, reserved 1179648K
  class space    used 11838K, committed 12224K, reserved 1048576K
GC Heap History (20 events):
Event: 102.437 GC heap before
{Heap before GC invocations=22 (full 1):
 garbage-first heap   total 131072K, used 95654K [0x0000000700000000, 0x0000000800000000)
  region size 2048K, 31 young (63488K), 3 survivors (6144K)
 Metaspace       used 84327K, committed 84992K, reserved 1179648K
  class space    used 11605K, committed 11968K, reserved 1048576K
}
Event: 102.448 GC heap after
{Heap after GC invocations=23 (full 1):
 garbage-first heap   total 131072K, used 42388K [0x0000000700000000, 0x0000000800000000)
  region size 2048K, 3 young (6144K), 3 survivors (6144K)
 Metaspace       used 84327K, committed 84992K, reserved 1179648K
  class space    used 11605K, committed 11968K, reserved 1048576K
}
Event: 129.217 GC heap before
{Heap before GC invocations=23 (full 1):
 garbage-first heap   total 131072K, used 48532K [0x0000000700000000, 0x0000000800000000)
  region size 2048K, 7 young (14336K), 3 survivors (6144K)
 Metaspace       used 84351K, committed 85120K, reserved 1179648K
  class space    used 11606K, committed 11968K, reserved 1048576K
}
Event: 129.314 GC heap after
{Heap after GC invocations=24 (full 2):
 garbage-first heap   total 122880K, used 32387K [0x0000000700000000, 0x0000000800000000)
  region size 2048K, 0 young (0K), 0 survivors (0K)
 Metaspace       used 84331K, committed 85120K, reserved 1179648K
  class space    used 11603K, committed 11968K, reserved 1048576K
}
Event: 131.080 GC heap before
{Heap before GC invocations=24 (full 2):
 garbage-first heap   total 122880K, used 91779K [0x0000000700000000, 0x0000000800000000)
  region size 2048K, 29 young (59392K), 0 survivors (0K)
 Metaspace       used 84840K, committed 85504K, reserved 1179648K
  class space    used 11640K, committed 11968K, reserved 1048576K
}
Event: 131.085 GC heap after
{Heap after GC invocations=25 (full 2):
 garbage-first heap   total 122880K, used 37345K [0x0000000700000000, 0x0000000800000000)
  region size 2048K, 3 young (6144K), 3 survivors (6144K)
 Metaspace       used 84840K, committed 85504K, reserved 1179648K
  class space    used 11640K, committed 11968K, reserved 1048576K
}
Event: 132.515 GC heap before
{Heap before GC invocations=25 (full 2):
 garbage-first heap   total 122880K, used 92641K [0x0000000700000000, 0x0000000800000000)
  region size 2048K, 30 young (61440K), 3 survivors (6144K)
 Metaspace       used 85753K, committed 86464K, reserved 1179648K
  class space    used 11695K, committed 12032K, reserved 1048576K
}
Event: 132.524 GC heap after
{Heap after GC invocations=26 (full 2):
 garbage-first heap   total 122880K, used 41222K [0x0000000700000000, 0x0000000800000000)
  region size 2048K, 3 young (6144K), 3 survivors (6144K)
 Metaspace       used 85753K, committed 86464K, reserved 1179648K
  class space    used 11695K, committed 12032K, reserved 1048576K
}
Event: 200.860 GC heap before
{Heap before GC invocations=26 (full 2):
 garbage-first heap   total 122880K, used 53510K [0x0000000700000000, 0x0000000800000000)
  region size 2048K, 10 young (20480K), 3 survivors (6144K)
 Metaspace       used 85978K, committed 86784K, reserved 1179648K
  class space    used 11696K, committed 12096K, reserved 1048576K
}
Event: 200.969 GC heap after
{Heap after GC invocations=27 (full 3):
 garbage-first heap   total 122880K, used 35008K [0x0000000700000000, 0x0000000800000000)
  region size 2048K, 0 young (0K), 0 survivors (0K)
 Metaspace       used 85958K, committed 86784K, reserved 1179648K
  class space    used 11693K, committed 12096K, reserved 1048576K
}
Event: 201.994 GC heap before
{Heap before GC invocations=27 (full 3):
 garbage-first heap   total 122880K, used 90304K [0x0000000700000000, 0x0000000800000000)
  region size 2048K, 28 young (57344K), 0 survivors (0K)
 Metaspace       used 86364K, committed 87104K, reserved 1179648K
  class space    used 11723K, committed 12096K, reserved 1048576K
}
Event: 202.000 GC heap after
{Heap after GC invocations=28 (full 3):
 garbage-first heap   total 122880K, used 39954K [0x0000000700000000, 0x0000000800000000)
  region size 2048K, 3 young (6144K), 3 survivors (6144K)
 Metaspace       used 86364K, committed 87104K, reserved 1179648K
  class space    used 11723K, committed 12096K, reserved 1048576K
}
Event: 202.534 GC heap before
{Heap before GC invocations=28 (full 3):
 garbage-first heap   total 122880K, used 91154K [0x0000000700000000, 0x0000000800000000)
  region size 2048K, 28 young (57344K), 3 survivors (6144K)
 Metaspace       used 87200K, committed 88000K, reserved 1179648K
  class space    used 11770K, committed 12160K, reserved 1048576K
}
Event: 202.548 GC heap after
{Heap after GC invocations=29 (full 3):
 garbage-first heap   total 122880K, used 43063K [0x0000000700000000, 0x0000000800000000)
  region size 2048K, 2 young (4096K), 2 survivors (4096K)
 Metaspace       used 87200K, committed 88000K, reserved 1179648K
  class space    used 11770K, committed 12160K, reserved 1048576K
}
Event: 207.471 GC heap before
{Heap before GC invocations=29 (full 3):
 garbage-first heap   total 122880K, used 55351K [0x0000000700000000, 0x0000000800000000)
  region size 2048K, 9 young (18432K), 2 survivors (4096K)
 Metaspace       used 87235K, committed 88000K, reserved 1179648K
  class space    used 11771K, committed 12160K, reserved 1048576K
}
Event: 207.630 GC heap after
{Heap after GC invocations=30 (full 4):
 garbage-first heap   total 122880K, used 33804K [0x0000000700000000, 0x0000000800000000)
  region size 2048K, 0 young (0K), 0 survivors (0K)
 Metaspace       used 87216K, committed 88000K, reserved 1179648K
  class space    used 11768K, committed 12160K, reserved 1048576K
}
Event: 208.550 GC heap before
{Heap before GC invocations=30 (full 4):
 garbage-first heap   total 122880K, used 91148K [0x0000000700000000, 0x0000000800000000)
  region size 2048K, 28 young (57344K), 0 survivors (0K)
 Metaspace       used 87528K, committed 88256K, reserved 1179648K
  class space    used 11794K, committed 12160K, reserved 1048576K
}
Event: 208.559 GC heap after
{Heap after GC invocations=31 (full 4):
 garbage-first heap   total 122880K, used 38711K [0x0000000700000000, 0x0000000800000000)
  region size 2048K, 3 young (6144K), 3 survivors (6144K)
 Metaspace       used 87528K, committed 88256K, reserved 1179648K
  class space    used 11794K, committed 12160K, reserved 1048576K
}
Event: 209.339 GC heap before
{Heap before GC invocations=31 (full 4):
 garbage-first heap   total 122880K, used 91959K [0x0000000700000000, 0x0000000800000000)
  region size 2048K, 29 young (59392K), 3 survivors (6144K)
 Metaspace       used 88262K, committed 89024K, reserved 1179648K
  class space    used 11837K, committed 12224K, reserved 1048576K
}
Event: 209.356 GC heap after
{Heap after GC invocations=32 (full 4):
 garbage-first heap   total 122880K, used 42484K [0x0000000700000000, 0x0000000800000000)
  region size 2048K, 3 young (6144K), 3 survivors (6144K)
 Metaspace       used 88262K, committed 89024K, reserved 1179648K
  class space    used 11837K, committed 12224K, reserved 1048576K
}

