# JRE version: Java(TM) SE Runtime Environment (17.0.10+11) (build 17.0.10+11-LTS-240)
# Java VM: Java HotSpot(TM) 64-Bit Server VM (17.0.10+11-LTS-240, mixed mode, sharing, tiered, compressed oops, compressed class ptrs, g1 gc, bsd-amd64)
GC Precious Log:
 CPUs: 4 total, 4 available
 Memory: 16384M
 Large Page Support: Disabled
 NUMA Support: Disabled
 Compressed Oops: Enabled (Zero based)
 Heap Region Size: 2M
 Heap Min Capacity: 8M
 Heap Initial Capacity: 256M
 Heap Max Capacity: 4G
 Pre-touch: Disabled
 Parallel Workers: 4
 Concurrent Workers: 1
 Concurrent Refinement Workers: 4
 Periodic GC: Disabled
Heap:
 garbage-first heap   total 180224K, used 74222K [0x0000000700000000, 0x0000000800000000)
  region size 2048K, 22 young (45056K), 2 survivors (4096K)
 Metaspace       used 80882K, committed 81472K, reserved 1179648K
  class space    used 11261K, committed 11520K, reserved 1048576K
GC Heap History (20 events):
Event: 4.362 GC heap before
{Heap before GC invocations=6 (full 0):
 garbage-first heap   total 69632K, used 19776K [0x0000000700000000, 0x0000000800000000)
  region size 2048K, 3 young (6144K), 2 survivors (4096K)
 Metaspace       used 27746K, committed 28096K, reserved 1114112K
  class space    used 3562K, committed 3712K, reserved 1048576K
}
Event: 4.378 GC heap after
{Heap after GC invocations=7 (full 0):
 garbage-first heap   total 69632K, used 18369K [0x0000000700000000, 0x0000000800000000)
  region size 2048K, 1 young (2048K), 1 survivors (2048K)
 Metaspace       used 27746K, committed 28096K, reserved 1114112K
  class space    used 3562K, committed 3712K, reserved 1048576K
}
Event: 4.911 GC heap before
{Heap before GC invocations=7 (full 0):
 garbage-first heap   total 69632K, used 42945K [0x0000000700000000, 0x0000000800000000)
  region size 2048K, 14 young (28672K), 1 survivors (2048K)
 Metaspace       used 31610K, committed 32064K, reserved 1114112K
  class space    used 4064K, committed 4288K, reserved 1048576K
}
Event: 4.919 GC heap after
{Heap after GC invocations=8 (full 0):
 garbage-first heap   total 126976K, used 19995K [0x0000000700000000, 0x0000000800000000)
  region size 2048K, 2 young (4096K), 2 survivors (4096K)
 Metaspace       used 31610K, committed 32064K, reserved 1114112K
  class space    used 4064K, committed 4288K, reserved 1048576K
}
Event: 5.603 GC heap before
{Heap before GC invocations=8 (full 0):
 garbage-first heap   total 126976K, used 40475K [0x0000000700000000, 0x0000000800000000)
  region size 2048K, 13 young (26624K), 2 survivors (4096K)
 Metaspace       used 35785K, committed 36160K, reserved 1114112K
  class space    used 4680K, committed 4864K, reserved 1048576K
}
Event: 5.609 GC heap after
{Heap after GC invocations=9 (full 0):
 garbage-first heap   total 126976K, used 20965K [0x0000000700000000, 0x0000000800000000)
  region size 2048K, 2 young (4096K), 2 survivors (4096K)
 Metaspace       used 35785K, committed 36160K, reserved 1114112K
  class space    used 4680K, committed 4864K, reserved 1048576K
}
Event: 6.658 GC heap before
{Heap before GC invocations=10 (full 0):
 garbage-first heap   total 90112K, used 70117K [0x0000000700000000, 0x0000000800000000)
  region size 2048K, 26 young (53248K), 2 survivors (4096K)
 Metaspace       used 51109K, committed 51584K, reserved 1114112K
  class space    used 6720K, committed 6976K, reserved 1048576K
}
Event: 6.665 GC heap after
{Heap after GC invocations=11 (full 0):
 garbage-first heap   total 90112K, used 24801K [0x0000000700000000, 0x0000000800000000)
  region size 2048K, 4 young (8192K), 4 survivors (8192K)
 Metaspace       used 51109K, committed 51584K, reserved 1114112K
  class space    used 6720K, committed 6976K, reserved 1048576K
}
Event: 6.693 GC heap before
{Heap before GC invocations=11 (full 0):
 garbage-first heap   total 90112K, used 26849K [0x0000000700000000, 0x0000000800000000)
  region size 2048K, 5 young (10240K), 4 survivors (8192K)
 Metaspace       used 51593K, committed 52096K, reserved 1114112K
  class space    used 6790K, committed 7040K, reserved 1048576K
}
Event: 6.700 GC heap after
{Heap after GC invocations=12 (full 0):
 garbage-first heap   total 90112K, used 25158K [0x0000000700000000, 0x0000000800000000)
  region size 2048K, 1 young (2048K), 1 survivors (2048K)
 Metaspace       used 51593K, committed 52096K, reserved 1114112K
  class space    used 6790K, committed 7040K, reserved 1048576K
}
Event: 7.792 GC heap before
{Heap before GC invocations=12 (full 0):
 garbage-first heap   total 90112K, used 62022K [0x0000000700000000, 0x0000000800000000)
  region size 2048K, 21 young (43008K), 1 survivors (2048K)
 Metaspace       used 60882K, committed 61376K, reserved 1114112K
  class space    used 8244K, committed 8512K, reserved 1048576K
}
Event: 7.795 GC heap after
{Heap after GC invocations=13 (full 0):
 garbage-first heap   total 90112K, used 25791K [0x0000000700000000, 0x0000000800000000)
  region size 2048K, 1 young (2048K), 1 survivors (2048K)
 Metaspace       used 60882K, committed 61376K, reserved 1114112K
  class space    used 8244K, committed 8512K, reserved 1048576K
}
Event: 8.545 GC heap before
{Heap before GC invocations=14 (full 0):
 garbage-first heap   total 90112K, used 64703K [0x0000000700000000, 0x0000000800000000)
  region size 2048K, 21 young (43008K), 1 survivors (2048K)
 Metaspace       used 67814K, committed 68352K, reserved 1114112K
  class space    used 9381K, committed 9664K, reserved 1048576K
}
Event: 8.552 GC heap after
{Heap after GC invocations=15 (full 0):
 garbage-first heap   total 90112K, used 29521K [0x0000000700000000, 0x0000000800000000)
  region size 2048K, 3 young (6144K), 3 survivors (6144K)
 Metaspace       used 67814K, committed 68352K, reserved 1114112K
  class space    used 9381K, committed 9664K, reserved 1048576K
}
Event: 9.174 GC heap before
{Heap before GC invocations=16 (full 0):
 garbage-first heap   total 90112K, used 66385K [0x0000000700000000, 0x0000000800000000)
  region size 2048K, 21 young (43008K), 3 survivors (6144K)
 Metaspace       used 71391K, committed 71936K, reserved 1114112K
  class space    used 9927K, committed 10176K, reserved 1048576K
}
Event: 9.186 GC heap after
{Heap after GC invocations=17 (full 0):
 garbage-first heap   total 90112K, used 32555K [0x0000000700000000, 0x0000000800000000)
  region size 2048K, 2 young (4096K), 2 survivors (4096K)
 Metaspace       used 71391K, committed 71936K, reserved 1114112K
  class space    used 9927K, committed 10176K, reserved 1048576K
}
Event: 9.237 GC heap before
{Heap before GC invocations=17 (full 0):
 garbage-first heap   total 90112K, used 34603K [0x0000000700000000, 0x0000000800000000)
  region size 2048K, 3 young (6144K), 2 survivors (4096K)
 Metaspace       used 71729K, committed 72256K, reserved 1114112K
  class space    used 9969K, committed 10240K, reserved 1048576K
}
Event: 9.248 GC heap after
{Heap after GC invocations=18 (full 0):
 garbage-first heap   total 90112K, used 32413K [0x0000000700000000, 0x0000000800000000)
  region size 2048K, 1 young (2048K), 1 survivors (2048K)
 Metaspace       used 71729K, committed 72256K, reserved 1114112K
  class space    used 9969K, committed 10240K, reserved 1048576K
}
Event: 9.874 GC heap before
{Heap before GC invocations=18 (full 0):
 garbage-first heap   total 90112K, used 65181K [0x0000000700000000, 0x0000000800000000)
  region size 2048K, 18 young (36864K), 1 survivors (2048K)
 Metaspace       used 74865K, committed 75392K, reserved 1114112K
  class space    used 10425K, committed 10688K, reserved 1048576K
}
Event: 9.880 GC heap after
{Heap after GC invocations=19 (full 0):
 garbage-first heap   total 180224K, used 35310K [0x0000000700000000, 0x0000000800000000)
  region size 2048K, 2 young (4096K), 2 survivors (4096K)
 Metaspace       used 74865K, committed 75392K, reserved 1114112K
  class space    used 10425K, committed 10688K, reserved 1048576K
}

